янв. 29, 2023 9:36:47 PM Functions sortArray
INFO: Initializing log system...
янв. 29, 2023 9:36:47 PM Functions sortArray
INFO: [0]: 20, [1]: 1, [2]: 9, [3]: 10, [4]: 25, [5]: 21, [6]: 39, [7]: 34, [8]: 21, [9]: 27, [10]: 21, [11]: 49, [12]: 12, [13]: 25, [14]: 41, [15]: 46, [16]: 0, [17]: 50, [18]: 30, [19]: 4, [20]: 44, [21]: 28, [22]: 8, [23]: 34, [24]: 15. 
янв. 29, 2023 9:36:47 PM Functions sortArray
INFO: [0]: 1, [1]: 20, [2]: 9, [3]: 10, [4]: 25, [5]: 21, [6]: 39, [7]: 34, [8]: 21, [9]: 27, [10]: 21, [11]: 49, [12]: 12, [13]: 25, [14]: 41, [15]: 46, [16]: 0, [17]: 50, [18]: 30, [19]: 4, [20]: 44, [21]: 28, [22]: 8, [23]: 34, [24]: 15. 
янв. 29, 2023 9:36:47 PM Functions sortArray
INFO: [0]: 1, [1]: 9, [2]: 20, [3]: 10, [4]: 25, [5]: 21, [6]: 39, [7]: 34, [8]: 21, [9]: 27, [10]: 21, [11]: 49, [12]: 12, [13]: 25, [14]: 41, [15]: 46, [16]: 0, [17]: 50, [18]: 30, [19]: 4, [20]: 44, [21]: 28, [22]: 8, [23]: 34, [24]: 15. 
янв. 29, 2023 9:36:47 PM Functions sortArray
INFO: [0]: 1, [1]: 9, [2]: 10, [3]: 20, [4]: 25, [5]: 21, [6]: 39, [7]: 34, [8]: 21, [9]: 27, [10]: 21, [11]: 49, [12]: 12, [13]: 25, [14]: 41, [15]: 46, [16]: 0, [17]: 50, [18]: 30, [19]: 4, [20]: 44, [21]: 28, [22]: 8, [23]: 34, [24]: 15. 
янв. 29, 2023 9:36:47 PM Functions sortArray
INFO: [0]: 1, [1]: 9, [2]: 10, [3]: 20, [4]: 25, [5]: 21, [6]: 39, [7]: 34, [8]: 21, [9]: 27, [10]: 21, [11]: 49, [12]: 12, [13]: 25, [14]: 41, [15]: 46, [16]: 0, [17]: 50, [18]: 30, [19]: 4, [20]: 44, [21]: 28, [22]: 8, [23]: 34, [24]: 15. 
янв. 29, 2023 9:36:47 PM Functions sortArray
INFO: [0]: 1, [1]: 9, [2]: 10, [3]: 20, [4]: 21, [5]: 25, [6]: 39, [7]: 34, [8]: 21, [9]: 27, [10]: 21, [11]: 49, [12]: 12, [13]: 25, [14]: 41, [15]: 46, [16]: 0, [17]: 50, [18]: 30, [19]: 4, [20]: 44, [21]: 28, [22]: 8, [23]: 34, [24]: 15. 
янв. 29, 2023 9:36:47 PM Functions sortArray
INFO: [0]: 1, [1]: 9, [2]: 10, [3]: 20, [4]: 21, [5]: 25, [6]: 39, [7]: 34, [8]: 21, [9]: 27, [10]: 21, [11]: 49, [12]: 12, [13]: 25, [14]: 41, [15]: 46, [16]: 0, [17]: 50, [18]: 30, [19]: 4, [20]: 44, [21]: 28, [22]: 8, [23]: 34, [24]: 15. 
янв. 29, 2023 9:36:47 PM Functions sortArray
INFO: [0]: 1, [1]: 9, [2]: 10, [3]: 20, [4]: 21, [5]: 25, [6]: 34, [7]: 39, [8]: 21, [9]: 27, [10]: 21, [11]: 49, [12]: 12, [13]: 25, [14]: 41, [15]: 46, [16]: 0, [17]: 50, [18]: 30, [19]: 4, [20]: 44, [21]: 28, [22]: 8, [23]: 34, [24]: 15. 
янв. 29, 2023 9:36:47 PM Functions sortArray
INFO: [0]: 1, [1]: 9, [2]: 10, [3]: 20, [4]: 21, [5]: 25, [6]: 34, [7]: 21, [8]: 39, [9]: 27, [10]: 21, [11]: 49, [12]: 12, [13]: 25, [14]: 41, [15]: 46, [16]: 0, [17]: 50, [18]: 30, [19]: 4, [20]: 44, [21]: 28, [22]: 8, [23]: 34, [24]: 15. 
янв. 29, 2023 9:36:47 PM Functions sortArray
INFO: [0]: 1, [1]: 9, [2]: 10, [3]: 20, [4]: 21, [5]: 25, [6]: 34, [7]: 21, [8]: 27, [9]: 39, [10]: 21, [11]: 49, [12]: 12, [13]: 25, [14]: 41, [15]: 46, [16]: 0, [17]: 50, [18]: 30, [19]: 4, [20]: 44, [21]: 28, [22]: 8, [23]: 34, [24]: 15. 
янв. 29, 2023 9:36:47 PM Functions sortArray
INFO: [0]: 1, [1]: 9, [2]: 10, [3]: 20, [4]: 21, [5]: 25, [6]: 34, [7]: 21, [8]: 27, [9]: 21, [10]: 39, [11]: 49, [12]: 12, [13]: 25, [14]: 41, [15]: 46, [16]: 0, [17]: 50, [18]: 30, [19]: 4, [20]: 44, [21]: 28, [22]: 8, [23]: 34, [24]: 15. 
янв. 29, 2023 9:36:47 PM Functions sortArray
INFO: [0]: 1, [1]: 9, [2]: 10, [3]: 20, [4]: 21, [5]: 25, [6]: 34, [7]: 21, [8]: 27, [9]: 21, [10]: 39, [11]: 49, [12]: 12, [13]: 25, [14]: 41, [15]: 46, [16]: 0, [17]: 50, [18]: 30, [19]: 4, [20]: 44, [21]: 28, [22]: 8, [23]: 34, [24]: 15. 
янв. 29, 2023 9:36:47 PM Functions sortArray
INFO: [0]: 1, [1]: 9, [2]: 10, [3]: 20, [4]: 21, [5]: 25, [6]: 34, [7]: 21, [8]: 27, [9]: 21, [10]: 39, [11]: 12, [12]: 49, [13]: 25, [14]: 41, [15]: 46, [16]: 0, [17]: 50, [18]: 30, [19]: 4, [20]: 44, [21]: 28, [22]: 8, [23]: 34, [24]: 15. 
янв. 29, 2023 9:36:47 PM Functions sortArray
INFO: [0]: 1, [1]: 9, [2]: 10, [3]: 20, [4]: 21, [5]: 25, [6]: 34, [7]: 21, [8]: 27, [9]: 21, [10]: 39, [11]: 12, [12]: 25, [13]: 49, [14]: 41, [15]: 46, [16]: 0, [17]: 50, [18]: 30, [19]: 4, [20]: 44, [21]: 28, [22]: 8, [23]: 34, [24]: 15. 
янв. 29, 2023 9:36:47 PM Functions sortArray
INFO: [0]: 1, [1]: 9, [2]: 10, [3]: 20, [4]: 21, [5]: 25, [6]: 34, [7]: 21, [8]: 27, [9]: 21, [10]: 39, [11]: 12, [12]: 25, [13]: 41, [14]: 49, [15]: 46, [16]: 0, [17]: 50, [18]: 30, [19]: 4, [20]: 44, [21]: 28, [22]: 8, [23]: 34, [24]: 15. 
янв. 29, 2023 9:36:47 PM Functions sortArray
INFO: [0]: 1, [1]: 9, [2]: 10, [3]: 20, [4]: 21, [5]: 25, [6]: 34, [7]: 21, [8]: 27, [9]: 21, [10]: 39, [11]: 12, [12]: 25, [13]: 41, [14]: 46, [15]: 49, [16]: 0, [17]: 50, [18]: 30, [19]: 4, [20]: 44, [21]: 28, [22]: 8, [23]: 34, [24]: 15. 
янв. 29, 2023 9:36:47 PM Functions sortArray
INFO: [0]: 1, [1]: 9, [2]: 10, [3]: 20, [4]: 21, [5]: 25, [6]: 34, [7]: 21, [8]: 27, [9]: 21, [10]: 39, [11]: 12, [12]: 25, [13]: 41, [14]: 46, [15]: 0, [16]: 49, [17]: 50, [18]: 30, [19]: 4, [20]: 44, [21]: 28, [22]: 8, [23]: 34, [24]: 15. 
янв. 29, 2023 9:36:47 PM Functions sortArray
INFO: [0]: 1, [1]: 9, [2]: 10, [3]: 20, [4]: 21, [5]: 25, [6]: 34, [7]: 21, [8]: 27, [9]: 21, [10]: 39, [11]: 12, [12]: 25, [13]: 41, [14]: 46, [15]: 0, [16]: 49, [17]: 50, [18]: 30, [19]: 4, [20]: 44, [21]: 28, [22]: 8, [23]: 34, [24]: 15. 
янв. 29, 2023 9:36:47 PM Functions sortArray
INFO: [0]: 1, [1]: 9, [2]: 10, [3]: 20, [4]: 21, [5]: 25, [6]: 34, [7]: 21, [8]: 27, [9]: 21, [10]: 39, [11]: 12, [12]: 25, [13]: 41, [14]: 46, [15]: 0, [16]: 49, [17]: 30, [18]: 50, [19]: 4, [20]: 44, [21]: 28, [22]: 8, [23]: 34, [24]: 15. 
янв. 29, 2023 9:36:48 PM Functions sortArray
INFO: [0]: 1, [1]: 9, [2]: 10, [3]: 20, [4]: 21, [5]: 25, [6]: 34, [7]: 21, [8]: 27, [9]: 21, [10]: 39, [11]: 12, [12]: 25, [13]: 41, [14]: 46, [15]: 0, [16]: 49, [17]: 30, [18]: 4, [19]: 50, [20]: 44, [21]: 28, [22]: 8, [23]: 34, [24]: 15. 
янв. 29, 2023 9:36:48 PM Functions sortArray
INFO: [0]: 1, [1]: 9, [2]: 10, [3]: 20, [4]: 21, [5]: 25, [6]: 34, [7]: 21, [8]: 27, [9]: 21, [10]: 39, [11]: 12, [12]: 25, [13]: 41, [14]: 46, [15]: 0, [16]: 49, [17]: 30, [18]: 4, [19]: 44, [20]: 50, [21]: 28, [22]: 8, [23]: 34, [24]: 15. 
янв. 29, 2023 9:36:48 PM Functions sortArray
INFO: [0]: 1, [1]: 9, [2]: 10, [3]: 20, [4]: 21, [5]: 25, [6]: 34, [7]: 21, [8]: 27, [9]: 21, [10]: 39, [11]: 12, [12]: 25, [13]: 41, [14]: 46, [15]: 0, [16]: 49, [17]: 30, [18]: 4, [19]: 44, [20]: 28, [21]: 50, [22]: 8, [23]: 34, [24]: 15. 
янв. 29, 2023 9:36:48 PM Functions sortArray
INFO: [0]: 1, [1]: 9, [2]: 10, [3]: 20, [4]: 21, [5]: 25, [6]: 34, [7]: 21, [8]: 27, [9]: 21, [10]: 39, [11]: 12, [12]: 25, [13]: 41, [14]: 46, [15]: 0, [16]: 49, [17]: 30, [18]: 4, [19]: 44, [20]: 28, [21]: 8, [22]: 50, [23]: 34, [24]: 15. 
янв. 29, 2023 9:36:48 PM Functions sortArray
INFO: [0]: 1, [1]: 9, [2]: 10, [3]: 20, [4]: 21, [5]: 25, [6]: 34, [7]: 21, [8]: 27, [9]: 21, [10]: 39, [11]: 12, [12]: 25, [13]: 41, [14]: 46, [15]: 0, [16]: 49, [17]: 30, [18]: 4, [19]: 44, [20]: 28, [21]: 8, [22]: 34, [23]: 50, [24]: 15. 
янв. 29, 2023 9:36:48 PM Functions sortArray
INFO: [0]: 1, [1]: 9, [2]: 10, [3]: 20, [4]: 21, [5]: 25, [6]: 34, [7]: 21, [8]: 27, [9]: 21, [10]: 39, [11]: 12, [12]: 25, [13]: 41, [14]: 46, [15]: 0, [16]: 49, [17]: 30, [18]: 4, [19]: 44, [20]: 28, [21]: 8, [22]: 34, [23]: 15, [24]: 50. 
янв. 29, 2023 9:36:48 PM Functions sortArray
INFO: [0]: 1, [1]: 9, [2]: 10, [3]: 20, [4]: 21, [5]: 25, [6]: 34, [7]: 21, [8]: 27, [9]: 21, [10]: 39, [11]: 12, [12]: 25, [13]: 41, [14]: 46, [15]: 0, [16]: 49, [17]: 30, [18]: 4, [19]: 44, [20]: 28, [21]: 8, [22]: 34, [23]: 15, [24]: 50. 
янв. 29, 2023 9:36:48 PM Functions sortArray
INFO: [0]: 1, [1]: 9, [2]: 10, [3]: 20, [4]: 21, [5]: 25, [6]: 34, [7]: 21, [8]: 27, [9]: 21, [10]: 39, [11]: 12, [12]: 25, [13]: 41, [14]: 46, [15]: 0, [16]: 49, [17]: 30, [18]: 4, [19]: 44, [20]: 28, [21]: 8, [22]: 34, [23]: 15, [24]: 50. 
янв. 29, 2023 9:36:48 PM Functions sortArray
INFO: [0]: 1, [1]: 9, [2]: 10, [3]: 20, [4]: 21, [5]: 25, [6]: 34, [7]: 21, [8]: 27, [9]: 21, [10]: 39, [11]: 12, [12]: 25, [13]: 41, [14]: 46, [15]: 0, [16]: 49, [17]: 30, [18]: 4, [19]: 44, [20]: 28, [21]: 8, [22]: 34, [23]: 15, [24]: 50. 
янв. 29, 2023 9:36:48 PM Functions sortArray
INFO: [0]: 1, [1]: 9, [2]: 10, [3]: 20, [4]: 21, [5]: 25, [6]: 34, [7]: 21, [8]: 27, [9]: 21, [10]: 39, [11]: 12, [12]: 25, [13]: 41, [14]: 46, [15]: 0, [16]: 49, [17]: 30, [18]: 4, [19]: 44, [20]: 28, [21]: 8, [22]: 34, [23]: 15, [24]: 50. 
янв. 29, 2023 9:36:48 PM Functions sortArray
INFO: [0]: 1, [1]: 9, [2]: 10, [3]: 20, [4]: 21, [5]: 25, [6]: 34, [7]: 21, [8]: 27, [9]: 21, [10]: 39, [11]: 12, [12]: 25, [13]: 41, [14]: 46, [15]: 0, [16]: 49, [17]: 30, [18]: 4, [19]: 44, [20]: 28, [21]: 8, [22]: 34, [23]: 15, [24]: 50. 
янв. 29, 2023 9:36:48 PM Functions sortArray
INFO: [0]: 1, [1]: 9, [2]: 10, [3]: 20, [4]: 21, [5]: 25, [6]: 34, [7]: 21, [8]: 27, [9]: 21, [10]: 39, [11]: 12, [12]: 25, [13]: 41, [14]: 46, [15]: 0, [16]: 49, [17]: 30, [18]: 4, [19]: 44, [20]: 28, [21]: 8, [22]: 34, [23]: 15, [24]: 50. 
янв. 29, 2023 9:36:48 PM Functions sortArray
INFO: [0]: 1, [1]: 9, [2]: 10, [3]: 20, [4]: 21, [5]: 25, [6]: 21, [7]: 34, [8]: 27, [9]: 21, [10]: 39, [11]: 12, [12]: 25, [13]: 41, [14]: 46, [15]: 0, [16]: 49, [17]: 30, [18]: 4, [19]: 44, [20]: 28, [21]: 8, [22]: 34, [23]: 15, [24]: 50. 
янв. 29, 2023 9:36:48 PM Functions sortArray
INFO: [0]: 1, [1]: 9, [2]: 10, [3]: 20, [4]: 21, [5]: 25, [6]: 21, [7]: 27, [8]: 34, [9]: 21, [10]: 39, [11]: 12, [12]: 25, [13]: 41, [14]: 46, [15]: 0, [16]: 49, [17]: 30, [18]: 4, [19]: 44, [20]: 28, [21]: 8, [22]: 34, [23]: 15, [24]: 50. 
янв. 29, 2023 9:36:48 PM Functions sortArray
INFO: [0]: 1, [1]: 9, [2]: 10, [3]: 20, [4]: 21, [5]: 25, [6]: 21, [7]: 27, [8]: 21, [9]: 34, [10]: 39, [11]: 12, [12]: 25, [13]: 41, [14]: 46, [15]: 0, [16]: 49, [17]: 30, [18]: 4, [19]: 44, [20]: 28, [21]: 8, [22]: 34, [23]: 15, [24]: 50. 
янв. 29, 2023 9:36:48 PM Functions sortArray
INFO: [0]: 1, [1]: 9, [2]: 10, [3]: 20, [4]: 21, [5]: 25, [6]: 21, [7]: 27, [8]: 21, [9]: 34, [10]: 39, [11]: 12, [12]: 25, [13]: 41, [14]: 46, [15]: 0, [16]: 49, [17]: 30, [18]: 4, [19]: 44, [20]: 28, [21]: 8, [22]: 34, [23]: 15, [24]: 50. 
янв. 29, 2023 9:36:48 PM Functions sortArray
INFO: [0]: 1, [1]: 9, [2]: 10, [3]: 20, [4]: 21, [5]: 25, [6]: 21, [7]: 27, [8]: 21, [9]: 34, [10]: 12, [11]: 39, [12]: 25, [13]: 41, [14]: 46, [15]: 0, [16]: 49, [17]: 30, [18]: 4, [19]: 44, [20]: 28, [21]: 8, [22]: 34, [23]: 15, [24]: 50. 
янв. 29, 2023 9:36:48 PM Functions sortArray
INFO: [0]: 1, [1]: 9, [2]: 10, [3]: 20, [4]: 21, [5]: 25, [6]: 21, [7]: 27, [8]: 21, [9]: 34, [10]: 12, [11]: 25, [12]: 39, [13]: 41, [14]: 46, [15]: 0, [16]: 49, [17]: 30, [18]: 4, [19]: 44, [20]: 28, [21]: 8, [22]: 34, [23]: 15, [24]: 50. 
янв. 29, 2023 9:36:48 PM Functions sortArray
INFO: [0]: 1, [1]: 9, [2]: 10, [3]: 20, [4]: 21, [5]: 25, [6]: 21, [7]: 27, [8]: 21, [9]: 34, [10]: 12, [11]: 25, [12]: 39, [13]: 41, [14]: 46, [15]: 0, [16]: 49, [17]: 30, [18]: 4, [19]: 44, [20]: 28, [21]: 8, [22]: 34, [23]: 15, [24]: 50. 
янв. 29, 2023 9:36:48 PM Functions sortArray
INFO: [0]: 1, [1]: 9, [2]: 10, [3]: 20, [4]: 21, [5]: 25, [6]: 21, [7]: 27, [8]: 21, [9]: 34, [10]: 12, [11]: 25, [12]: 39, [13]: 41, [14]: 46, [15]: 0, [16]: 49, [17]: 30, [18]: 4, [19]: 44, [20]: 28, [21]: 8, [22]: 34, [23]: 15, [24]: 50. 
янв. 29, 2023 9:36:48 PM Functions sortArray
INFO: [0]: 1, [1]: 9, [2]: 10, [3]: 20, [4]: 21, [5]: 25, [6]: 21, [7]: 27, [8]: 21, [9]: 34, [10]: 12, [11]: 25, [12]: 39, [13]: 41, [14]: 0, [15]: 46, [16]: 49, [17]: 30, [18]: 4, [19]: 44, [20]: 28, [21]: 8, [22]: 34, [23]: 15, [24]: 50. 
янв. 29, 2023 9:36:48 PM Functions sortArray
INFO: [0]: 1, [1]: 9, [2]: 10, [3]: 20, [4]: 21, [5]: 25, [6]: 21, [7]: 27, [8]: 21, [9]: 34, [10]: 12, [11]: 25, [12]: 39, [13]: 41, [14]: 0, [15]: 46, [16]: 49, [17]: 30, [18]: 4, [19]: 44, [20]: 28, [21]: 8, [22]: 34, [23]: 15, [24]: 50. 
янв. 29, 2023 9:36:48 PM Functions sortArray
INFO: [0]: 1, [1]: 9, [2]: 10, [3]: 20, [4]: 21, [5]: 25, [6]: 21, [7]: 27, [8]: 21, [9]: 34, [10]: 12, [11]: 25, [12]: 39, [13]: 41, [14]: 0, [15]: 46, [16]: 30, [17]: 49, [18]: 4, [19]: 44, [20]: 28, [21]: 8, [22]: 34, [23]: 15, [24]: 50. 
янв. 29, 2023 9:36:48 PM Functions sortArray
INFO: [0]: 1, [1]: 9, [2]: 10, [3]: 20, [4]: 21, [5]: 25, [6]: 21, [7]: 27, [8]: 21, [9]: 34, [10]: 12, [11]: 25, [12]: 39, [13]: 41, [14]: 0, [15]: 46, [16]: 30, [17]: 4, [18]: 49, [19]: 44, [20]: 28, [21]: 8, [22]: 34, [23]: 15, [24]: 50. 
янв. 29, 2023 9:36:48 PM Functions sortArray
INFO: [0]: 1, [1]: 9, [2]: 10, [3]: 20, [4]: 21, [5]: 25, [6]: 21, [7]: 27, [8]: 21, [9]: 34, [10]: 12, [11]: 25, [12]: 39, [13]: 41, [14]: 0, [15]: 46, [16]: 30, [17]: 4, [18]: 44, [19]: 49, [20]: 28, [21]: 8, [22]: 34, [23]: 15, [24]: 50. 
янв. 29, 2023 9:36:48 PM Functions sortArray
INFO: [0]: 1, [1]: 9, [2]: 10, [3]: 20, [4]: 21, [5]: 25, [6]: 21, [7]: 27, [8]: 21, [9]: 34, [10]: 12, [11]: 25, [12]: 39, [13]: 41, [14]: 0, [15]: 46, [16]: 30, [17]: 4, [18]: 44, [19]: 28, [20]: 49, [21]: 8, [22]: 34, [23]: 15, [24]: 50. 
янв. 29, 2023 9:36:48 PM Functions sortArray
INFO: [0]: 1, [1]: 9, [2]: 10, [3]: 20, [4]: 21, [5]: 25, [6]: 21, [7]: 27, [8]: 21, [9]: 34, [10]: 12, [11]: 25, [12]: 39, [13]: 41, [14]: 0, [15]: 46, [16]: 30, [17]: 4, [18]: 44, [19]: 28, [20]: 8, [21]: 49, [22]: 34, [23]: 15, [24]: 50. 
янв. 29, 2023 9:36:48 PM Functions sortArray
INFO: [0]: 1, [1]: 9, [2]: 10, [3]: 20, [4]: 21, [5]: 25, [6]: 21, [7]: 27, [8]: 21, [9]: 34, [10]: 12, [11]: 25, [12]: 39, [13]: 41, [14]: 0, [15]: 46, [16]: 30, [17]: 4, [18]: 44, [19]: 28, [20]: 8, [21]: 34, [22]: 49, [23]: 15, [24]: 50. 
янв. 29, 2023 9:36:48 PM Functions sortArray
INFO: [0]: 1, [1]: 9, [2]: 10, [3]: 20, [4]: 21, [5]: 25, [6]: 21, [7]: 27, [8]: 21, [9]: 34, [10]: 12, [11]: 25, [12]: 39, [13]: 41, [14]: 0, [15]: 46, [16]: 30, [17]: 4, [18]: 44, [19]: 28, [20]: 8, [21]: 34, [22]: 15, [23]: 49, [24]: 50. 
янв. 29, 2023 9:36:48 PM Functions sortArray
INFO: [0]: 1, [1]: 9, [2]: 10, [3]: 20, [4]: 21, [5]: 25, [6]: 21, [7]: 27, [8]: 21, [9]: 34, [10]: 12, [11]: 25, [12]: 39, [13]: 41, [14]: 0, [15]: 46, [16]: 30, [17]: 4, [18]: 44, [19]: 28, [20]: 8, [21]: 34, [22]: 15, [23]: 49, [24]: 50. 
янв. 29, 2023 9:36:48 PM Functions sortArray
INFO: [0]: 1, [1]: 9, [2]: 10, [3]: 20, [4]: 21, [5]: 25, [6]: 21, [7]: 27, [8]: 21, [9]: 34, [10]: 12, [11]: 25, [12]: 39, [13]: 41, [14]: 0, [15]: 46, [16]: 30, [17]: 4, [18]: 44, [19]: 28, [20]: 8, [21]: 34, [22]: 15, [23]: 49, [24]: 50. 
янв. 29, 2023 9:36:48 PM Functions sortArray
INFO: [0]: 1, [1]: 9, [2]: 10, [3]: 20, [4]: 21, [5]: 25, [6]: 21, [7]: 27, [8]: 21, [9]: 34, [10]: 12, [11]: 25, [12]: 39, [13]: 41, [14]: 0, [15]: 46, [16]: 30, [17]: 4, [18]: 44, [19]: 28, [20]: 8, [21]: 34, [22]: 15, [23]: 49, [24]: 50. 
янв. 29, 2023 9:36:48 PM Functions sortArray
INFO: [0]: 1, [1]: 9, [2]: 10, [3]: 20, [4]: 21, [5]: 25, [6]: 21, [7]: 27, [8]: 21, [9]: 34, [10]: 12, [11]: 25, [12]: 39, [13]: 41, [14]: 0, [15]: 46, [16]: 30, [17]: 4, [18]: 44, [19]: 28, [20]: 8, [21]: 34, [22]: 15, [23]: 49, [24]: 50. 
янв. 29, 2023 9:36:48 PM Functions sortArray
INFO: [0]: 1, [1]: 9, [2]: 10, [3]: 20, [4]: 21, [5]: 25, [6]: 21, [7]: 27, [8]: 21, [9]: 34, [10]: 12, [11]: 25, [12]: 39, [13]: 41, [14]: 0, [15]: 46, [16]: 30, [17]: 4, [18]: 44, [19]: 28, [20]: 8, [21]: 34, [22]: 15, [23]: 49, [24]: 50. 
янв. 29, 2023 9:36:48 PM Functions sortArray
INFO: [0]: 1, [1]: 9, [2]: 10, [3]: 20, [4]: 21, [5]: 21, [6]: 25, [7]: 27, [8]: 21, [9]: 34, [10]: 12, [11]: 25, [12]: 39, [13]: 41, [14]: 0, [15]: 46, [16]: 30, [17]: 4, [18]: 44, [19]: 28, [20]: 8, [21]: 34, [22]: 15, [23]: 49, [24]: 50. 
янв. 29, 2023 9:36:48 PM Functions sortArray
INFO: [0]: 1, [1]: 9, [2]: 10, [3]: 20, [4]: 21, [5]: 21, [6]: 25, [7]: 27, [8]: 21, [9]: 34, [10]: 12, [11]: 25, [12]: 39, [13]: 41, [14]: 0, [15]: 46, [16]: 30, [17]: 4, [18]: 44, [19]: 28, [20]: 8, [21]: 34, [22]: 15, [23]: 49, [24]: 50. 
янв. 29, 2023 9:36:48 PM Functions sortArray
INFO: [0]: 1, [1]: 9, [2]: 10, [3]: 20, [4]: 21, [5]: 21, [6]: 25, [7]: 21, [8]: 27, [9]: 34, [10]: 12, [11]: 25, [12]: 39, [13]: 41, [14]: 0, [15]: 46, [16]: 30, [17]: 4, [18]: 44, [19]: 28, [20]: 8, [21]: 34, [22]: 15, [23]: 49, [24]: 50. 
янв. 29, 2023 9:36:48 PM Functions sortArray
INFO: [0]: 1, [1]: 9, [2]: 10, [3]: 20, [4]: 21, [5]: 21, [6]: 25, [7]: 21, [8]: 27, [9]: 34, [10]: 12, [11]: 25, [12]: 39, [13]: 41, [14]: 0, [15]: 46, [16]: 30, [17]: 4, [18]: 44, [19]: 28, [20]: 8, [21]: 34, [22]: 15, [23]: 49, [24]: 50. 
янв. 29, 2023 9:36:48 PM Functions sortArray
INFO: [0]: 1, [1]: 9, [2]: 10, [3]: 20, [4]: 21, [5]: 21, [6]: 25, [7]: 21, [8]: 27, [9]: 12, [10]: 34, [11]: 25, [12]: 39, [13]: 41, [14]: 0, [15]: 46, [16]: 30, [17]: 4, [18]: 44, [19]: 28, [20]: 8, [21]: 34, [22]: 15, [23]: 49, [24]: 50. 
янв. 29, 2023 9:36:48 PM Functions sortArray
INFO: [0]: 1, [1]: 9, [2]: 10, [3]: 20, [4]: 21, [5]: 21, [6]: 25, [7]: 21, [8]: 27, [9]: 12, [10]: 25, [11]: 34, [12]: 39, [13]: 41, [14]: 0, [15]: 46, [16]: 30, [17]: 4, [18]: 44, [19]: 28, [20]: 8, [21]: 34, [22]: 15, [23]: 49, [24]: 50. 
янв. 29, 2023 9:36:48 PM Functions sortArray
INFO: [0]: 1, [1]: 9, [2]: 10, [3]: 20, [4]: 21, [5]: 21, [6]: 25, [7]: 21, [8]: 27, [9]: 12, [10]: 25, [11]: 34, [12]: 39, [13]: 41, [14]: 0, [15]: 46, [16]: 30, [17]: 4, [18]: 44, [19]: 28, [20]: 8, [21]: 34, [22]: 15, [23]: 49, [24]: 50. 
янв. 29, 2023 9:36:48 PM Functions sortArray
INFO: [0]: 1, [1]: 9, [2]: 10, [3]: 20, [4]: 21, [5]: 21, [6]: 25, [7]: 21, [8]: 27, [9]: 12, [10]: 25, [11]: 34, [12]: 39, [13]: 41, [14]: 0, [15]: 46, [16]: 30, [17]: 4, [18]: 44, [19]: 28, [20]: 8, [21]: 34, [22]: 15, [23]: 49, [24]: 50. 
янв. 29, 2023 9:36:48 PM Functions sortArray
INFO: [0]: 1, [1]: 9, [2]: 10, [3]: 20, [4]: 21, [5]: 21, [6]: 25, [7]: 21, [8]: 27, [9]: 12, [10]: 25, [11]: 34, [12]: 39, [13]: 0, [14]: 41, [15]: 46, [16]: 30, [17]: 4, [18]: 44, [19]: 28, [20]: 8, [21]: 34, [22]: 15, [23]: 49, [24]: 50. 
янв. 29, 2023 9:36:48 PM Functions sortArray
INFO: [0]: 1, [1]: 9, [2]: 10, [3]: 20, [4]: 21, [5]: 21, [6]: 25, [7]: 21, [8]: 27, [9]: 12, [10]: 25, [11]: 34, [12]: 39, [13]: 0, [14]: 41, [15]: 46, [16]: 30, [17]: 4, [18]: 44, [19]: 28, [20]: 8, [21]: 34, [22]: 15, [23]: 49, [24]: 50. 
янв. 29, 2023 9:36:48 PM Functions sortArray
INFO: [0]: 1, [1]: 9, [2]: 10, [3]: 20, [4]: 21, [5]: 21, [6]: 25, [7]: 21, [8]: 27, [9]: 12, [10]: 25, [11]: 34, [12]: 39, [13]: 0, [14]: 41, [15]: 30, [16]: 46, [17]: 4, [18]: 44, [19]: 28, [20]: 8, [21]: 34, [22]: 15, [23]: 49, [24]: 50. 
янв. 29, 2023 9:36:48 PM Functions sortArray
INFO: [0]: 1, [1]: 9, [2]: 10, [3]: 20, [4]: 21, [5]: 21, [6]: 25, [7]: 21, [8]: 27, [9]: 12, [10]: 25, [11]: 34, [12]: 39, [13]: 0, [14]: 41, [15]: 30, [16]: 4, [17]: 46, [18]: 44, [19]: 28, [20]: 8, [21]: 34, [22]: 15, [23]: 49, [24]: 50. 
янв. 29, 2023 9:36:48 PM Functions sortArray
INFO: [0]: 1, [1]: 9, [2]: 10, [3]: 20, [4]: 21, [5]: 21, [6]: 25, [7]: 21, [8]: 27, [9]: 12, [10]: 25, [11]: 34, [12]: 39, [13]: 0, [14]: 41, [15]: 30, [16]: 4, [17]: 44, [18]: 46, [19]: 28, [20]: 8, [21]: 34, [22]: 15, [23]: 49, [24]: 50. 
янв. 29, 2023 9:36:48 PM Functions sortArray
INFO: [0]: 1, [1]: 9, [2]: 10, [3]: 20, [4]: 21, [5]: 21, [6]: 25, [7]: 21, [8]: 27, [9]: 12, [10]: 25, [11]: 34, [12]: 39, [13]: 0, [14]: 41, [15]: 30, [16]: 4, [17]: 44, [18]: 28, [19]: 46, [20]: 8, [21]: 34, [22]: 15, [23]: 49, [24]: 50. 
янв. 29, 2023 9:36:48 PM Functions sortArray
INFO: [0]: 1, [1]: 9, [2]: 10, [3]: 20, [4]: 21, [5]: 21, [6]: 25, [7]: 21, [8]: 27, [9]: 12, [10]: 25, [11]: 34, [12]: 39, [13]: 0, [14]: 41, [15]: 30, [16]: 4, [17]: 44, [18]: 28, [19]: 8, [20]: 46, [21]: 34, [22]: 15, [23]: 49, [24]: 50. 
янв. 29, 2023 9:36:48 PM Functions sortArray
INFO: [0]: 1, [1]: 9, [2]: 10, [3]: 20, [4]: 21, [5]: 21, [6]: 25, [7]: 21, [8]: 27, [9]: 12, [10]: 25, [11]: 34, [12]: 39, [13]: 0, [14]: 41, [15]: 30, [16]: 4, [17]: 44, [18]: 28, [19]: 8, [20]: 34, [21]: 46, [22]: 15, [23]: 49, [24]: 50. 
янв. 29, 2023 9:36:48 PM Functions sortArray
INFO: [0]: 1, [1]: 9, [2]: 10, [3]: 20, [4]: 21, [5]: 21, [6]: 25, [7]: 21, [8]: 27, [9]: 12, [10]: 25, [11]: 34, [12]: 39, [13]: 0, [14]: 41, [15]: 30, [16]: 4, [17]: 44, [18]: 28, [19]: 8, [20]: 34, [21]: 15, [22]: 46, [23]: 49, [24]: 50. 
янв. 29, 2023 9:36:48 PM Functions sortArray
INFO: [0]: 1, [1]: 9, [2]: 10, [3]: 20, [4]: 21, [5]: 21, [6]: 25, [7]: 21, [8]: 27, [9]: 12, [10]: 25, [11]: 34, [12]: 39, [13]: 0, [14]: 41, [15]: 30, [16]: 4, [17]: 44, [18]: 28, [19]: 8, [20]: 34, [21]: 15, [22]: 46, [23]: 49, [24]: 50. 
янв. 29, 2023 9:36:48 PM Functions sortArray
INFO: [0]: 1, [1]: 9, [2]: 10, [3]: 20, [4]: 21, [5]: 21, [6]: 25, [7]: 21, [8]: 27, [9]: 12, [10]: 25, [11]: 34, [12]: 39, [13]: 0, [14]: 41, [15]: 30, [16]: 4, [17]: 44, [18]: 28, [19]: 8, [20]: 34, [21]: 15, [22]: 46, [23]: 49, [24]: 50. 
янв. 29, 2023 9:36:48 PM Functions sortArray
INFO: [0]: 1, [1]: 9, [2]: 10, [3]: 20, [4]: 21, [5]: 21, [6]: 25, [7]: 21, [8]: 27, [9]: 12, [10]: 25, [11]: 34, [12]: 39, [13]: 0, [14]: 41, [15]: 30, [16]: 4, [17]: 44, [18]: 28, [19]: 8, [20]: 34, [21]: 15, [22]: 46, [23]: 49, [24]: 50. 
янв. 29, 2023 9:36:48 PM Functions sortArray
INFO: [0]: 1, [1]: 9, [2]: 10, [3]: 20, [4]: 21, [5]: 21, [6]: 25, [7]: 21, [8]: 27, [9]: 12, [10]: 25, [11]: 34, [12]: 39, [13]: 0, [14]: 41, [15]: 30, [16]: 4, [17]: 44, [18]: 28, [19]: 8, [20]: 34, [21]: 15, [22]: 46, [23]: 49, [24]: 50. 
янв. 29, 2023 9:36:48 PM Functions sortArray
INFO: [0]: 1, [1]: 9, [2]: 10, [3]: 20, [4]: 21, [5]: 21, [6]: 25, [7]: 21, [8]: 27, [9]: 12, [10]: 25, [11]: 34, [12]: 39, [13]: 0, [14]: 41, [15]: 30, [16]: 4, [17]: 44, [18]: 28, [19]: 8, [20]: 34, [21]: 15, [22]: 46, [23]: 49, [24]: 50. 
янв. 29, 2023 9:36:48 PM Functions sortArray
INFO: [0]: 1, [1]: 9, [2]: 10, [3]: 20, [4]: 21, [5]: 21, [6]: 25, [7]: 21, [8]: 27, [9]: 12, [10]: 25, [11]: 34, [12]: 39, [13]: 0, [14]: 41, [15]: 30, [16]: 4, [17]: 44, [18]: 28, [19]: 8, [20]: 34, [21]: 15, [22]: 46, [23]: 49, [24]: 50. 
янв. 29, 2023 9:36:48 PM Functions sortArray
INFO: [0]: 1, [1]: 9, [2]: 10, [3]: 20, [4]: 21, [5]: 21, [6]: 21, [7]: 25, [8]: 27, [9]: 12, [10]: 25, [11]: 34, [12]: 39, [13]: 0, [14]: 41, [15]: 30, [16]: 4, [17]: 44, [18]: 28, [19]: 8, [20]: 34, [21]: 15, [22]: 46, [23]: 49, [24]: 50. 
янв. 29, 2023 9:36:48 PM Functions sortArray
INFO: [0]: 1, [1]: 9, [2]: 10, [3]: 20, [4]: 21, [5]: 21, [6]: 21, [7]: 25, [8]: 27, [9]: 12, [10]: 25, [11]: 34, [12]: 39, [13]: 0, [14]: 41, [15]: 30, [16]: 4, [17]: 44, [18]: 28, [19]: 8, [20]: 34, [21]: 15, [22]: 46, [23]: 49, [24]: 50. 
янв. 29, 2023 9:36:48 PM Functions sortArray
INFO: [0]: 1, [1]: 9, [2]: 10, [3]: 20, [4]: 21, [5]: 21, [6]: 21, [7]: 25, [8]: 12, [9]: 27, [10]: 25, [11]: 34, [12]: 39, [13]: 0, [14]: 41, [15]: 30, [16]: 4, [17]: 44, [18]: 28, [19]: 8, [20]: 34, [21]: 15, [22]: 46, [23]: 49, [24]: 50. 
янв. 29, 2023 9:36:48 PM Functions sortArray
INFO: [0]: 1, [1]: 9, [2]: 10, [3]: 20, [4]: 21, [5]: 21, [6]: 21, [7]: 25, [8]: 12, [9]: 25, [10]: 27, [11]: 34, [12]: 39, [13]: 0, [14]: 41, [15]: 30, [16]: 4, [17]: 44, [18]: 28, [19]: 8, [20]: 34, [21]: 15, [22]: 46, [23]: 49, [24]: 50. 
янв. 29, 2023 9:36:48 PM Functions sortArray
INFO: [0]: 1, [1]: 9, [2]: 10, [3]: 20, [4]: 21, [5]: 21, [6]: 21, [7]: 25, [8]: 12, [9]: 25, [10]: 27, [11]: 34, [12]: 39, [13]: 0, [14]: 41, [15]: 30, [16]: 4, [17]: 44, [18]: 28, [19]: 8, [20]: 34, [21]: 15, [22]: 46, [23]: 49, [24]: 50. 
янв. 29, 2023 9:36:48 PM Functions sortArray
INFO: [0]: 1, [1]: 9, [2]: 10, [3]: 20, [4]: 21, [5]: 21, [6]: 21, [7]: 25, [8]: 12, [9]: 25, [10]: 27, [11]: 34, [12]: 39, [13]: 0, [14]: 41, [15]: 30, [16]: 4, [17]: 44, [18]: 28, [19]: 8, [20]: 34, [21]: 15, [22]: 46, [23]: 49, [24]: 50. 
янв. 29, 2023 9:36:48 PM Functions sortArray
INFO: [0]: 1, [1]: 9, [2]: 10, [3]: 20, [4]: 21, [5]: 21, [6]: 21, [7]: 25, [8]: 12, [9]: 25, [10]: 27, [11]: 34, [12]: 0, [13]: 39, [14]: 41, [15]: 30, [16]: 4, [17]: 44, [18]: 28, [19]: 8, [20]: 34, [21]: 15, [22]: 46, [23]: 49, [24]: 50. 
янв. 29, 2023 9:36:48 PM Functions sortArray
INFO: [0]: 1, [1]: 9, [2]: 10, [3]: 20, [4]: 21, [5]: 21, [6]: 21, [7]: 25, [8]: 12, [9]: 25, [10]: 27, [11]: 34, [12]: 0, [13]: 39, [14]: 41, [15]: 30, [16]: 4, [17]: 44, [18]: 28, [19]: 8, [20]: 34, [21]: 15, [22]: 46, [23]: 49, [24]: 50. 
янв. 29, 2023 9:36:48 PM Functions sortArray
INFO: [0]: 1, [1]: 9, [2]: 10, [3]: 20, [4]: 21, [5]: 21, [6]: 21, [7]: 25, [8]: 12, [9]: 25, [10]: 27, [11]: 34, [12]: 0, [13]: 39, [14]: 30, [15]: 41, [16]: 4, [17]: 44, [18]: 28, [19]: 8, [20]: 34, [21]: 15, [22]: 46, [23]: 49, [24]: 50. 
янв. 29, 2023 9:36:48 PM Functions sortArray
INFO: [0]: 1, [1]: 9, [2]: 10, [3]: 20, [4]: 21, [5]: 21, [6]: 21, [7]: 25, [8]: 12, [9]: 25, [10]: 27, [11]: 34, [12]: 0, [13]: 39, [14]: 30, [15]: 4, [16]: 41, [17]: 44, [18]: 28, [19]: 8, [20]: 34, [21]: 15, [22]: 46, [23]: 49, [24]: 50. 
янв. 29, 2023 9:36:48 PM Functions sortArray
INFO: [0]: 1, [1]: 9, [2]: 10, [3]: 20, [4]: 21, [5]: 21, [6]: 21, [7]: 25, [8]: 12, [9]: 25, [10]: 27, [11]: 34, [12]: 0, [13]: 39, [14]: 30, [15]: 4, [16]: 41, [17]: 44, [18]: 28, [19]: 8, [20]: 34, [21]: 15, [22]: 46, [23]: 49, [24]: 50. 
янв. 29, 2023 9:36:48 PM Functions sortArray
INFO: [0]: 1, [1]: 9, [2]: 10, [3]: 20, [4]: 21, [5]: 21, [6]: 21, [7]: 25, [8]: 12, [9]: 25, [10]: 27, [11]: 34, [12]: 0, [13]: 39, [14]: 30, [15]: 4, [16]: 41, [17]: 28, [18]: 44, [19]: 8, [20]: 34, [21]: 15, [22]: 46, [23]: 49, [24]: 50. 
янв. 29, 2023 9:36:48 PM Functions sortArray
INFO: [0]: 1, [1]: 9, [2]: 10, [3]: 20, [4]: 21, [5]: 21, [6]: 21, [7]: 25, [8]: 12, [9]: 25, [10]: 27, [11]: 34, [12]: 0, [13]: 39, [14]: 30, [15]: 4, [16]: 41, [17]: 28, [18]: 8, [19]: 44, [20]: 34, [21]: 15, [22]: 46, [23]: 49, [24]: 50. 
янв. 29, 2023 9:36:48 PM Functions sortArray
INFO: [0]: 1, [1]: 9, [2]: 10, [3]: 20, [4]: 21, [5]: 21, [6]: 21, [7]: 25, [8]: 12, [9]: 25, [10]: 27, [11]: 34, [12]: 0, [13]: 39, [14]: 30, [15]: 4, [16]: 41, [17]: 28, [18]: 8, [19]: 34, [20]: 44, [21]: 15, [22]: 46, [23]: 49, [24]: 50. 
янв. 29, 2023 9:36:48 PM Functions sortArray
INFO: [0]: 1, [1]: 9, [2]: 10, [3]: 20, [4]: 21, [5]: 21, [6]: 21, [7]: 25, [8]: 12, [9]: 25, [10]: 27, [11]: 34, [12]: 0, [13]: 39, [14]: 30, [15]: 4, [16]: 41, [17]: 28, [18]: 8, [19]: 34, [20]: 15, [21]: 44, [22]: 46, [23]: 49, [24]: 50. 
янв. 29, 2023 9:36:48 PM Functions sortArray
INFO: [0]: 1, [1]: 9, [2]: 10, [3]: 20, [4]: 21, [5]: 21, [6]: 21, [7]: 25, [8]: 12, [9]: 25, [10]: 27, [11]: 34, [12]: 0, [13]: 39, [14]: 30, [15]: 4, [16]: 41, [17]: 28, [18]: 8, [19]: 34, [20]: 15, [21]: 44, [22]: 46, [23]: 49, [24]: 50. 
янв. 29, 2023 9:36:48 PM Functions sortArray
INFO: [0]: 1, [1]: 9, [2]: 10, [3]: 20, [4]: 21, [5]: 21, [6]: 21, [7]: 25, [8]: 12, [9]: 25, [10]: 27, [11]: 34, [12]: 0, [13]: 39, [14]: 30, [15]: 4, [16]: 41, [17]: 28, [18]: 8, [19]: 34, [20]: 15, [21]: 44, [22]: 46, [23]: 49, [24]: 50. 
янв. 29, 2023 9:36:48 PM Functions sortArray
INFO: [0]: 1, [1]: 9, [2]: 10, [3]: 20, [4]: 21, [5]: 21, [6]: 21, [7]: 25, [8]: 12, [9]: 25, [10]: 27, [11]: 34, [12]: 0, [13]: 39, [14]: 30, [15]: 4, [16]: 41, [17]: 28, [18]: 8, [19]: 34, [20]: 15, [21]: 44, [22]: 46, [23]: 49, [24]: 50. 
янв. 29, 2023 9:36:48 PM Functions sortArray
INFO: [0]: 1, [1]: 9, [2]: 10, [3]: 20, [4]: 21, [5]: 21, [6]: 21, [7]: 25, [8]: 12, [9]: 25, [10]: 27, [11]: 34, [12]: 0, [13]: 39, [14]: 30, [15]: 4, [16]: 41, [17]: 28, [18]: 8, [19]: 34, [20]: 15, [21]: 44, [22]: 46, [23]: 49, [24]: 50. 
янв. 29, 2023 9:36:48 PM Functions sortArray
INFO: [0]: 1, [1]: 9, [2]: 10, [3]: 20, [4]: 21, [5]: 21, [6]: 21, [7]: 25, [8]: 12, [9]: 25, [10]: 27, [11]: 34, [12]: 0, [13]: 39, [14]: 30, [15]: 4, [16]: 41, [17]: 28, [18]: 8, [19]: 34, [20]: 15, [21]: 44, [22]: 46, [23]: 49, [24]: 50. 
янв. 29, 2023 9:36:48 PM Functions sortArray
INFO: [0]: 1, [1]: 9, [2]: 10, [3]: 20, [4]: 21, [5]: 21, [6]: 21, [7]: 25, [8]: 12, [9]: 25, [10]: 27, [11]: 34, [12]: 0, [13]: 39, [14]: 30, [15]: 4, [16]: 41, [17]: 28, [18]: 8, [19]: 34, [20]: 15, [21]: 44, [22]: 46, [23]: 49, [24]: 50. 
янв. 29, 2023 9:36:48 PM Functions sortArray
INFO: [0]: 1, [1]: 9, [2]: 10, [3]: 20, [4]: 21, [5]: 21, [6]: 21, [7]: 25, [8]: 12, [9]: 25, [10]: 27, [11]: 34, [12]: 0, [13]: 39, [14]: 30, [15]: 4, [16]: 41, [17]: 28, [18]: 8, [19]: 34, [20]: 15, [21]: 44, [22]: 46, [23]: 49, [24]: 50. 
янв. 29, 2023 9:36:48 PM Functions sortArray
INFO: [0]: 1, [1]: 9, [2]: 10, [3]: 20, [4]: 21, [5]: 21, [6]: 21, [7]: 12, [8]: 25, [9]: 25, [10]: 27, [11]: 34, [12]: 0, [13]: 39, [14]: 30, [15]: 4, [16]: 41, [17]: 28, [18]: 8, [19]: 34, [20]: 15, [21]: 44, [22]: 46, [23]: 49, [24]: 50. 
янв. 29, 2023 9:36:48 PM Functions sortArray
INFO: [0]: 1, [1]: 9, [2]: 10, [3]: 20, [4]: 21, [5]: 21, [6]: 21, [7]: 12, [8]: 25, [9]: 25, [10]: 27, [11]: 34, [12]: 0, [13]: 39, [14]: 30, [15]: 4, [16]: 41, [17]: 28, [18]: 8, [19]: 34, [20]: 15, [21]: 44, [22]: 46, [23]: 49, [24]: 50. 
янв. 29, 2023 9:36:48 PM Functions sortArray
INFO: [0]: 1, [1]: 9, [2]: 10, [3]: 20, [4]: 21, [5]: 21, [6]: 21, [7]: 12, [8]: 25, [9]: 25, [10]: 27, [11]: 34, [12]: 0, [13]: 39, [14]: 30, [15]: 4, [16]: 41, [17]: 28, [18]: 8, [19]: 34, [20]: 15, [21]: 44, [22]: 46, [23]: 49, [24]: 50. 
янв. 29, 2023 9:36:48 PM Functions sortArray
INFO: [0]: 1, [1]: 9, [2]: 10, [3]: 20, [4]: 21, [5]: 21, [6]: 21, [7]: 12, [8]: 25, [9]: 25, [10]: 27, [11]: 34, [12]: 0, [13]: 39, [14]: 30, [15]: 4, [16]: 41, [17]: 28, [18]: 8, [19]: 34, [20]: 15, [21]: 44, [22]: 46, [23]: 49, [24]: 50. 
янв. 29, 2023 9:36:48 PM Functions sortArray
INFO: [0]: 1, [1]: 9, [2]: 10, [3]: 20, [4]: 21, [5]: 21, [6]: 21, [7]: 12, [8]: 25, [9]: 25, [10]: 27, [11]: 0, [12]: 34, [13]: 39, [14]: 30, [15]: 4, [16]: 41, [17]: 28, [18]: 8, [19]: 34, [20]: 15, [21]: 44, [22]: 46, [23]: 49, [24]: 50. 
янв. 29, 2023 9:36:48 PM Functions sortArray
INFO: [0]: 1, [1]: 9, [2]: 10, [3]: 20, [4]: 21, [5]: 21, [6]: 21, [7]: 12, [8]: 25, [9]: 25, [10]: 27, [11]: 0, [12]: 34, [13]: 39, [14]: 30, [15]: 4, [16]: 41, [17]: 28, [18]: 8, [19]: 34, [20]: 15, [21]: 44, [22]: 46, [23]: 49, [24]: 50. 
янв. 29, 2023 9:36:48 PM Functions sortArray
INFO: [0]: 1, [1]: 9, [2]: 10, [3]: 20, [4]: 21, [5]: 21, [6]: 21, [7]: 12, [8]: 25, [9]: 25, [10]: 27, [11]: 0, [12]: 34, [13]: 30, [14]: 39, [15]: 4, [16]: 41, [17]: 28, [18]: 8, [19]: 34, [20]: 15, [21]: 44, [22]: 46, [23]: 49, [24]: 50. 
янв. 29, 2023 9:36:48 PM Functions sortArray
INFO: [0]: 1, [1]: 9, [2]: 10, [3]: 20, [4]: 21, [5]: 21, [6]: 21, [7]: 12, [8]: 25, [9]: 25, [10]: 27, [11]: 0, [12]: 34, [13]: 30, [14]: 4, [15]: 39, [16]: 41, [17]: 28, [18]: 8, [19]: 34, [20]: 15, [21]: 44, [22]: 46, [23]: 49, [24]: 50. 
янв. 29, 2023 9:36:48 PM Functions sortArray
INFO: [0]: 1, [1]: 9, [2]: 10, [3]: 20, [4]: 21, [5]: 21, [6]: 21, [7]: 12, [8]: 25, [9]: 25, [10]: 27, [11]: 0, [12]: 34, [13]: 30, [14]: 4, [15]: 39, [16]: 41, [17]: 28, [18]: 8, [19]: 34, [20]: 15, [21]: 44, [22]: 46, [23]: 49, [24]: 50. 
янв. 29, 2023 9:36:48 PM Functions sortArray
INFO: [0]: 1, [1]: 9, [2]: 10, [3]: 20, [4]: 21, [5]: 21, [6]: 21, [7]: 12, [8]: 25, [9]: 25, [10]: 27, [11]: 0, [12]: 34, [13]: 30, [14]: 4, [15]: 39, [16]: 28, [17]: 41, [18]: 8, [19]: 34, [20]: 15, [21]: 44, [22]: 46, [23]: 49, [24]: 50. 
янв. 29, 2023 9:36:48 PM Functions sortArray
INFO: [0]: 1, [1]: 9, [2]: 10, [3]: 20, [4]: 21, [5]: 21, [6]: 21, [7]: 12, [8]: 25, [9]: 25, [10]: 27, [11]: 0, [12]: 34, [13]: 30, [14]: 4, [15]: 39, [16]: 28, [17]: 8, [18]: 41, [19]: 34, [20]: 15, [21]: 44, [22]: 46, [23]: 49, [24]: 50. 
янв. 29, 2023 9:36:48 PM Functions sortArray
INFO: [0]: 1, [1]: 9, [2]: 10, [3]: 20, [4]: 21, [5]: 21, [6]: 21, [7]: 12, [8]: 25, [9]: 25, [10]: 27, [11]: 0, [12]: 34, [13]: 30, [14]: 4, [15]: 39, [16]: 28, [17]: 8, [18]: 34, [19]: 41, [20]: 15, [21]: 44, [22]: 46, [23]: 49, [24]: 50. 
янв. 29, 2023 9:36:48 PM Functions sortArray
INFO: [0]: 1, [1]: 9, [2]: 10, [3]: 20, [4]: 21, [5]: 21, [6]: 21, [7]: 12, [8]: 25, [9]: 25, [10]: 27, [11]: 0, [12]: 34, [13]: 30, [14]: 4, [15]: 39, [16]: 28, [17]: 8, [18]: 34, [19]: 15, [20]: 41, [21]: 44, [22]: 46, [23]: 49, [24]: 50. 
янв. 29, 2023 9:36:48 PM Functions sortArray
INFO: [0]: 1, [1]: 9, [2]: 10, [3]: 20, [4]: 21, [5]: 21, [6]: 21, [7]: 12, [8]: 25, [9]: 25, [10]: 27, [11]: 0, [12]: 34, [13]: 30, [14]: 4, [15]: 39, [16]: 28, [17]: 8, [18]: 34, [19]: 15, [20]: 41, [21]: 44, [22]: 46, [23]: 49, [24]: 50. 
янв. 29, 2023 9:36:48 PM Functions sortArray
INFO: [0]: 1, [1]: 9, [2]: 10, [3]: 20, [4]: 21, [5]: 21, [6]: 21, [7]: 12, [8]: 25, [9]: 25, [10]: 27, [11]: 0, [12]: 34, [13]: 30, [14]: 4, [15]: 39, [16]: 28, [17]: 8, [18]: 34, [19]: 15, [20]: 41, [21]: 44, [22]: 46, [23]: 49, [24]: 50. 
янв. 29, 2023 9:36:48 PM Functions sortArray
INFO: [0]: 1, [1]: 9, [2]: 10, [3]: 20, [4]: 21, [5]: 21, [6]: 21, [7]: 12, [8]: 25, [9]: 25, [10]: 27, [11]: 0, [12]: 34, [13]: 30, [14]: 4, [15]: 39, [16]: 28, [17]: 8, [18]: 34, [19]: 15, [20]: 41, [21]: 44, [22]: 46, [23]: 49, [24]: 50. 
янв. 29, 2023 9:36:48 PM Functions sortArray
INFO: [0]: 1, [1]: 9, [2]: 10, [3]: 20, [4]: 21, [5]: 21, [6]: 21, [7]: 12, [8]: 25, [9]: 25, [10]: 27, [11]: 0, [12]: 34, [13]: 30, [14]: 4, [15]: 39, [16]: 28, [17]: 8, [18]: 34, [19]: 15, [20]: 41, [21]: 44, [22]: 46, [23]: 49, [24]: 50. 
янв. 29, 2023 9:36:48 PM Functions sortArray
INFO: [0]: 1, [1]: 9, [2]: 10, [3]: 20, [4]: 21, [5]: 21, [6]: 21, [7]: 12, [8]: 25, [9]: 25, [10]: 27, [11]: 0, [12]: 34, [13]: 30, [14]: 4, [15]: 39, [16]: 28, [17]: 8, [18]: 34, [19]: 15, [20]: 41, [21]: 44, [22]: 46, [23]: 49, [24]: 50. 
янв. 29, 2023 9:36:48 PM Functions sortArray
INFO: [0]: 1, [1]: 9, [2]: 10, [3]: 20, [4]: 21, [5]: 21, [6]: 21, [7]: 12, [8]: 25, [9]: 25, [10]: 27, [11]: 0, [12]: 34, [13]: 30, [14]: 4, [15]: 39, [16]: 28, [17]: 8, [18]: 34, [19]: 15, [20]: 41, [21]: 44, [22]: 46, [23]: 49, [24]: 50. 
янв. 29, 2023 9:36:48 PM Functions sortArray
INFO: [0]: 1, [1]: 9, [2]: 10, [3]: 20, [4]: 21, [5]: 21, [6]: 12, [7]: 21, [8]: 25, [9]: 25, [10]: 27, [11]: 0, [12]: 34, [13]: 30, [14]: 4, [15]: 39, [16]: 28, [17]: 8, [18]: 34, [19]: 15, [20]: 41, [21]: 44, [22]: 46, [23]: 49, [24]: 50. 
янв. 29, 2023 9:36:48 PM Functions sortArray
INFO: [0]: 1, [1]: 9, [2]: 10, [3]: 20, [4]: 21, [5]: 21, [6]: 12, [7]: 21, [8]: 25, [9]: 25, [10]: 27, [11]: 0, [12]: 34, [13]: 30, [14]: 4, [15]: 39, [16]: 28, [17]: 8, [18]: 34, [19]: 15, [20]: 41, [21]: 44, [22]: 46, [23]: 49, [24]: 50. 
янв. 29, 2023 9:36:48 PM Functions sortArray
INFO: [0]: 1, [1]: 9, [2]: 10, [3]: 20, [4]: 21, [5]: 21, [6]: 12, [7]: 21, [8]: 25, [9]: 25, [10]: 27, [11]: 0, [12]: 34, [13]: 30, [14]: 4, [15]: 39, [16]: 28, [17]: 8, [18]: 34, [19]: 15, [20]: 41, [21]: 44, [22]: 46, [23]: 49, [24]: 50. 
янв. 29, 2023 9:36:48 PM Functions sortArray
INFO: [0]: 1, [1]: 9, [2]: 10, [3]: 20, [4]: 21, [5]: 21, [6]: 12, [7]: 21, [8]: 25, [9]: 25, [10]: 27, [11]: 0, [12]: 34, [13]: 30, [14]: 4, [15]: 39, [16]: 28, [17]: 8, [18]: 34, [19]: 15, [20]: 41, [21]: 44, [22]: 46, [23]: 49, [24]: 50. 
янв. 29, 2023 9:36:48 PM Functions sortArray
INFO: [0]: 1, [1]: 9, [2]: 10, [3]: 20, [4]: 21, [5]: 21, [6]: 12, [7]: 21, [8]: 25, [9]: 25, [10]: 0, [11]: 27, [12]: 34, [13]: 30, [14]: 4, [15]: 39, [16]: 28, [17]: 8, [18]: 34, [19]: 15, [20]: 41, [21]: 44, [22]: 46, [23]: 49, [24]: 50. 
янв. 29, 2023 9:36:48 PM Functions sortArray
INFO: [0]: 1, [1]: 9, [2]: 10, [3]: 20, [4]: 21, [5]: 21, [6]: 12, [7]: 21, [8]: 25, [9]: 25, [10]: 0, [11]: 27, [12]: 34, [13]: 30, [14]: 4, [15]: 39, [16]: 28, [17]: 8, [18]: 34, [19]: 15, [20]: 41, [21]: 44, [22]: 46, [23]: 49, [24]: 50. 
янв. 29, 2023 9:36:48 PM Functions sortArray
INFO: [0]: 1, [1]: 9, [2]: 10, [3]: 20, [4]: 21, [5]: 21, [6]: 12, [7]: 21, [8]: 25, [9]: 25, [10]: 0, [11]: 27, [12]: 30, [13]: 34, [14]: 4, [15]: 39, [16]: 28, [17]: 8, [18]: 34, [19]: 15, [20]: 41, [21]: 44, [22]: 46, [23]: 49, [24]: 50. 
янв. 29, 2023 9:36:48 PM Functions sortArray
INFO: [0]: 1, [1]: 9, [2]: 10, [3]: 20, [4]: 21, [5]: 21, [6]: 12, [7]: 21, [8]: 25, [9]: 25, [10]: 0, [11]: 27, [12]: 30, [13]: 4, [14]: 34, [15]: 39, [16]: 28, [17]: 8, [18]: 34, [19]: 15, [20]: 41, [21]: 44, [22]: 46, [23]: 49, [24]: 50. 
янв. 29, 2023 9:36:48 PM Functions sortArray
INFO: [0]: 1, [1]: 9, [2]: 10, [3]: 20, [4]: 21, [5]: 21, [6]: 12, [7]: 21, [8]: 25, [9]: 25, [10]: 0, [11]: 27, [12]: 30, [13]: 4, [14]: 34, [15]: 39, [16]: 28, [17]: 8, [18]: 34, [19]: 15, [20]: 41, [21]: 44, [22]: 46, [23]: 49, [24]: 50. 
янв. 29, 2023 9:36:48 PM Functions sortArray
INFO: [0]: 1, [1]: 9, [2]: 10, [3]: 20, [4]: 21, [5]: 21, [6]: 12, [7]: 21, [8]: 25, [9]: 25, [10]: 0, [11]: 27, [12]: 30, [13]: 4, [14]: 34, [15]: 28, [16]: 39, [17]: 8, [18]: 34, [19]: 15, [20]: 41, [21]: 44, [22]: 46, [23]: 49, [24]: 50. 
янв. 29, 2023 9:36:48 PM Functions sortArray
INFO: [0]: 1, [1]: 9, [2]: 10, [3]: 20, [4]: 21, [5]: 21, [6]: 12, [7]: 21, [8]: 25, [9]: 25, [10]: 0, [11]: 27, [12]: 30, [13]: 4, [14]: 34, [15]: 28, [16]: 8, [17]: 39, [18]: 34, [19]: 15, [20]: 41, [21]: 44, [22]: 46, [23]: 49, [24]: 50. 
янв. 29, 2023 9:36:48 PM Functions sortArray
INFO: [0]: 1, [1]: 9, [2]: 10, [3]: 20, [4]: 21, [5]: 21, [6]: 12, [7]: 21, [8]: 25, [9]: 25, [10]: 0, [11]: 27, [12]: 30, [13]: 4, [14]: 34, [15]: 28, [16]: 8, [17]: 34, [18]: 39, [19]: 15, [20]: 41, [21]: 44, [22]: 46, [23]: 49, [24]: 50. 
янв. 29, 2023 9:36:48 PM Functions sortArray
INFO: [0]: 1, [1]: 9, [2]: 10, [3]: 20, [4]: 21, [5]: 21, [6]: 12, [7]: 21, [8]: 25, [9]: 25, [10]: 0, [11]: 27, [12]: 30, [13]: 4, [14]: 34, [15]: 28, [16]: 8, [17]: 34, [18]: 15, [19]: 39, [20]: 41, [21]: 44, [22]: 46, [23]: 49, [24]: 50. 
янв. 29, 2023 9:36:48 PM Functions sortArray
INFO: [0]: 1, [1]: 9, [2]: 10, [3]: 20, [4]: 21, [5]: 21, [6]: 12, [7]: 21, [8]: 25, [9]: 25, [10]: 0, [11]: 27, [12]: 30, [13]: 4, [14]: 34, [15]: 28, [16]: 8, [17]: 34, [18]: 15, [19]: 39, [20]: 41, [21]: 44, [22]: 46, [23]: 49, [24]: 50. 
янв. 29, 2023 9:36:48 PM Functions sortArray
INFO: [0]: 1, [1]: 9, [2]: 10, [3]: 20, [4]: 21, [5]: 21, [6]: 12, [7]: 21, [8]: 25, [9]: 25, [10]: 0, [11]: 27, [12]: 30, [13]: 4, [14]: 34, [15]: 28, [16]: 8, [17]: 34, [18]: 15, [19]: 39, [20]: 41, [21]: 44, [22]: 46, [23]: 49, [24]: 50. 
янв. 29, 2023 9:36:48 PM Functions sortArray
INFO: [0]: 1, [1]: 9, [2]: 10, [3]: 20, [4]: 21, [5]: 21, [6]: 12, [7]: 21, [8]: 25, [9]: 25, [10]: 0, [11]: 27, [12]: 30, [13]: 4, [14]: 34, [15]: 28, [16]: 8, [17]: 34, [18]: 15, [19]: 39, [20]: 41, [21]: 44, [22]: 46, [23]: 49, [24]: 50. 
янв. 29, 2023 9:36:48 PM Functions sortArray
INFO: [0]: 1, [1]: 9, [2]: 10, [3]: 20, [4]: 21, [5]: 21, [6]: 12, [7]: 21, [8]: 25, [9]: 25, [10]: 0, [11]: 27, [12]: 30, [13]: 4, [14]: 34, [15]: 28, [16]: 8, [17]: 34, [18]: 15, [19]: 39, [20]: 41, [21]: 44, [22]: 46, [23]: 49, [24]: 50. 
янв. 29, 2023 9:36:48 PM Functions sortArray
INFO: [0]: 1, [1]: 9, [2]: 10, [3]: 20, [4]: 21, [5]: 21, [6]: 12, [7]: 21, [8]: 25, [9]: 25, [10]: 0, [11]: 27, [12]: 30, [13]: 4, [14]: 34, [15]: 28, [16]: 8, [17]: 34, [18]: 15, [19]: 39, [20]: 41, [21]: 44, [22]: 46, [23]: 49, [24]: 50. 
янв. 29, 2023 9:36:48 PM Functions sortArray
INFO: [0]: 1, [1]: 9, [2]: 10, [3]: 20, [4]: 21, [5]: 12, [6]: 21, [7]: 21, [8]: 25, [9]: 25, [10]: 0, [11]: 27, [12]: 30, [13]: 4, [14]: 34, [15]: 28, [16]: 8, [17]: 34, [18]: 15, [19]: 39, [20]: 41, [21]: 44, [22]: 46, [23]: 49, [24]: 50. 
янв. 29, 2023 9:36:48 PM Functions sortArray
INFO: [0]: 1, [1]: 9, [2]: 10, [3]: 20, [4]: 21, [5]: 12, [6]: 21, [7]: 21, [8]: 25, [9]: 25, [10]: 0, [11]: 27, [12]: 30, [13]: 4, [14]: 34, [15]: 28, [16]: 8, [17]: 34, [18]: 15, [19]: 39, [20]: 41, [21]: 44, [22]: 46, [23]: 49, [24]: 50. 
янв. 29, 2023 9:36:48 PM Functions sortArray
INFO: [0]: 1, [1]: 9, [2]: 10, [3]: 20, [4]: 21, [5]: 12, [6]: 21, [7]: 21, [8]: 25, [9]: 25, [10]: 0, [11]: 27, [12]: 30, [13]: 4, [14]: 34, [15]: 28, [16]: 8, [17]: 34, [18]: 15, [19]: 39, [20]: 41, [21]: 44, [22]: 46, [23]: 49, [24]: 50. 
янв. 29, 2023 9:36:48 PM Functions sortArray
INFO: [0]: 1, [1]: 9, [2]: 10, [3]: 20, [4]: 21, [5]: 12, [6]: 21, [7]: 21, [8]: 25, [9]: 25, [10]: 0, [11]: 27, [12]: 30, [13]: 4, [14]: 34, [15]: 28, [16]: 8, [17]: 34, [18]: 15, [19]: 39, [20]: 41, [21]: 44, [22]: 46, [23]: 49, [24]: 50. 
янв. 29, 2023 9:36:48 PM Functions sortArray
INFO: [0]: 1, [1]: 9, [2]: 10, [3]: 20, [4]: 21, [5]: 12, [6]: 21, [7]: 21, [8]: 25, [9]: 0, [10]: 25, [11]: 27, [12]: 30, [13]: 4, [14]: 34, [15]: 28, [16]: 8, [17]: 34, [18]: 15, [19]: 39, [20]: 41, [21]: 44, [22]: 46, [23]: 49, [24]: 50. 
янв. 29, 2023 9:36:48 PM Functions sortArray
INFO: [0]: 1, [1]: 9, [2]: 10, [3]: 20, [4]: 21, [5]: 12, [6]: 21, [7]: 21, [8]: 25, [9]: 0, [10]: 25, [11]: 27, [12]: 30, [13]: 4, [14]: 34, [15]: 28, [16]: 8, [17]: 34, [18]: 15, [19]: 39, [20]: 41, [21]: 44, [22]: 46, [23]: 49, [24]: 50. 
янв. 29, 2023 9:36:48 PM Functions sortArray
INFO: [0]: 1, [1]: 9, [2]: 10, [3]: 20, [4]: 21, [5]: 12, [6]: 21, [7]: 21, [8]: 25, [9]: 0, [10]: 25, [11]: 27, [12]: 30, [13]: 4, [14]: 34, [15]: 28, [16]: 8, [17]: 34, [18]: 15, [19]: 39, [20]: 41, [21]: 44, [22]: 46, [23]: 49, [24]: 50. 
янв. 29, 2023 9:36:48 PM Functions sortArray
INFO: [0]: 1, [1]: 9, [2]: 10, [3]: 20, [4]: 21, [5]: 12, [6]: 21, [7]: 21, [8]: 25, [9]: 0, [10]: 25, [11]: 27, [12]: 4, [13]: 30, [14]: 34, [15]: 28, [16]: 8, [17]: 34, [18]: 15, [19]: 39, [20]: 41, [21]: 44, [22]: 46, [23]: 49, [24]: 50. 
янв. 29, 2023 9:36:48 PM Functions sortArray
INFO: [0]: 1, [1]: 9, [2]: 10, [3]: 20, [4]: 21, [5]: 12, [6]: 21, [7]: 21, [8]: 25, [9]: 0, [10]: 25, [11]: 27, [12]: 4, [13]: 30, [14]: 34, [15]: 28, [16]: 8, [17]: 34, [18]: 15, [19]: 39, [20]: 41, [21]: 44, [22]: 46, [23]: 49, [24]: 50. 
янв. 29, 2023 9:36:48 PM Functions sortArray
INFO: [0]: 1, [1]: 9, [2]: 10, [3]: 20, [4]: 21, [5]: 12, [6]: 21, [7]: 21, [8]: 25, [9]: 0, [10]: 25, [11]: 27, [12]: 4, [13]: 30, [14]: 28, [15]: 34, [16]: 8, [17]: 34, [18]: 15, [19]: 39, [20]: 41, [21]: 44, [22]: 46, [23]: 49, [24]: 50. 
янв. 29, 2023 9:36:48 PM Functions sortArray
INFO: [0]: 1, [1]: 9, [2]: 10, [3]: 20, [4]: 21, [5]: 12, [6]: 21, [7]: 21, [8]: 25, [9]: 0, [10]: 25, [11]: 27, [12]: 4, [13]: 30, [14]: 28, [15]: 8, [16]: 34, [17]: 34, [18]: 15, [19]: 39, [20]: 41, [21]: 44, [22]: 46, [23]: 49, [24]: 50. 
янв. 29, 2023 9:36:48 PM Functions sortArray
INFO: [0]: 1, [1]: 9, [2]: 10, [3]: 20, [4]: 21, [5]: 12, [6]: 21, [7]: 21, [8]: 25, [9]: 0, [10]: 25, [11]: 27, [12]: 4, [13]: 30, [14]: 28, [15]: 8, [16]: 34, [17]: 34, [18]: 15, [19]: 39, [20]: 41, [21]: 44, [22]: 46, [23]: 49, [24]: 50. 
янв. 29, 2023 9:36:48 PM Functions sortArray
INFO: [0]: 1, [1]: 9, [2]: 10, [3]: 20, [4]: 21, [5]: 12, [6]: 21, [7]: 21, [8]: 25, [9]: 0, [10]: 25, [11]: 27, [12]: 4, [13]: 30, [14]: 28, [15]: 8, [16]: 34, [17]: 15, [18]: 34, [19]: 39, [20]: 41, [21]: 44, [22]: 46, [23]: 49, [24]: 50. 
янв. 29, 2023 9:36:48 PM Functions sortArray
INFO: [0]: 1, [1]: 9, [2]: 10, [3]: 20, [4]: 21, [5]: 12, [6]: 21, [7]: 21, [8]: 25, [9]: 0, [10]: 25, [11]: 27, [12]: 4, [13]: 30, [14]: 28, [15]: 8, [16]: 34, [17]: 15, [18]: 34, [19]: 39, [20]: 41, [21]: 44, [22]: 46, [23]: 49, [24]: 50. 
янв. 29, 2023 9:36:48 PM Functions sortArray
INFO: [0]: 1, [1]: 9, [2]: 10, [3]: 20, [4]: 21, [5]: 12, [6]: 21, [7]: 21, [8]: 25, [9]: 0, [10]: 25, [11]: 27, [12]: 4, [13]: 30, [14]: 28, [15]: 8, [16]: 34, [17]: 15, [18]: 34, [19]: 39, [20]: 41, [21]: 44, [22]: 46, [23]: 49, [24]: 50. 
янв. 29, 2023 9:36:48 PM Functions sortArray
INFO: [0]: 1, [1]: 9, [2]: 10, [3]: 20, [4]: 21, [5]: 12, [6]: 21, [7]: 21, [8]: 25, [9]: 0, [10]: 25, [11]: 27, [12]: 4, [13]: 30, [14]: 28, [15]: 8, [16]: 34, [17]: 15, [18]: 34, [19]: 39, [20]: 41, [21]: 44, [22]: 46, [23]: 49, [24]: 50. 
янв. 29, 2023 9:36:48 PM Functions sortArray
INFO: [0]: 1, [1]: 9, [2]: 10, [3]: 20, [4]: 21, [5]: 12, [6]: 21, [7]: 21, [8]: 25, [9]: 0, [10]: 25, [11]: 27, [12]: 4, [13]: 30, [14]: 28, [15]: 8, [16]: 34, [17]: 15, [18]: 34, [19]: 39, [20]: 41, [21]: 44, [22]: 46, [23]: 49, [24]: 50. 
янв. 29, 2023 9:36:48 PM Functions sortArray
INFO: [0]: 1, [1]: 9, [2]: 10, [3]: 20, [4]: 12, [5]: 21, [6]: 21, [7]: 21, [8]: 25, [9]: 0, [10]: 25, [11]: 27, [12]: 4, [13]: 30, [14]: 28, [15]: 8, [16]: 34, [17]: 15, [18]: 34, [19]: 39, [20]: 41, [21]: 44, [22]: 46, [23]: 49, [24]: 50. 
янв. 29, 2023 9:36:48 PM Functions sortArray
INFO: [0]: 1, [1]: 9, [2]: 10, [3]: 20, [4]: 12, [5]: 21, [6]: 21, [7]: 21, [8]: 25, [9]: 0, [10]: 25, [11]: 27, [12]: 4, [13]: 30, [14]: 28, [15]: 8, [16]: 34, [17]: 15, [18]: 34, [19]: 39, [20]: 41, [21]: 44, [22]: 46, [23]: 49, [24]: 50. 
янв. 29, 2023 9:36:48 PM Functions sortArray
INFO: [0]: 1, [1]: 9, [2]: 10, [3]: 20, [4]: 12, [5]: 21, [6]: 21, [7]: 21, [8]: 25, [9]: 0, [10]: 25, [11]: 27, [12]: 4, [13]: 30, [14]: 28, [15]: 8, [16]: 34, [17]: 15, [18]: 34, [19]: 39, [20]: 41, [21]: 44, [22]: 46, [23]: 49, [24]: 50. 
янв. 29, 2023 9:36:48 PM Functions sortArray
INFO: [0]: 1, [1]: 9, [2]: 10, [3]: 20, [4]: 12, [5]: 21, [6]: 21, [7]: 21, [8]: 25, [9]: 0, [10]: 25, [11]: 27, [12]: 4, [13]: 30, [14]: 28, [15]: 8, [16]: 34, [17]: 15, [18]: 34, [19]: 39, [20]: 41, [21]: 44, [22]: 46, [23]: 49, [24]: 50. 
янв. 29, 2023 9:36:48 PM Functions sortArray
INFO: [0]: 1, [1]: 9, [2]: 10, [3]: 20, [4]: 12, [5]: 21, [6]: 21, [7]: 21, [8]: 0, [9]: 25, [10]: 25, [11]: 27, [12]: 4, [13]: 30, [14]: 28, [15]: 8, [16]: 34, [17]: 15, [18]: 34, [19]: 39, [20]: 41, [21]: 44, [22]: 46, [23]: 49, [24]: 50. 
янв. 29, 2023 9:36:48 PM Functions sortArray
INFO: [0]: 1, [1]: 9, [2]: 10, [3]: 20, [4]: 12, [5]: 21, [6]: 21, [7]: 21, [8]: 0, [9]: 25, [10]: 25, [11]: 27, [12]: 4, [13]: 30, [14]: 28, [15]: 8, [16]: 34, [17]: 15, [18]: 34, [19]: 39, [20]: 41, [21]: 44, [22]: 46, [23]: 49, [24]: 50. 
янв. 29, 2023 9:36:48 PM Functions sortArray
INFO: [0]: 1, [1]: 9, [2]: 10, [3]: 20, [4]: 12, [5]: 21, [6]: 21, [7]: 21, [8]: 0, [9]: 25, [10]: 25, [11]: 27, [12]: 4, [13]: 30, [14]: 28, [15]: 8, [16]: 34, [17]: 15, [18]: 34, [19]: 39, [20]: 41, [21]: 44, [22]: 46, [23]: 49, [24]: 50. 
янв. 29, 2023 9:36:48 PM Functions sortArray
INFO: [0]: 1, [1]: 9, [2]: 10, [3]: 20, [4]: 12, [5]: 21, [6]: 21, [7]: 21, [8]: 0, [9]: 25, [10]: 25, [11]: 4, [12]: 27, [13]: 30, [14]: 28, [15]: 8, [16]: 34, [17]: 15, [18]: 34, [19]: 39, [20]: 41, [21]: 44, [22]: 46, [23]: 49, [24]: 50. 
янв. 29, 2023 9:36:48 PM Functions sortArray
INFO: [0]: 1, [1]: 9, [2]: 10, [3]: 20, [4]: 12, [5]: 21, [6]: 21, [7]: 21, [8]: 0, [9]: 25, [10]: 25, [11]: 4, [12]: 27, [13]: 30, [14]: 28, [15]: 8, [16]: 34, [17]: 15, [18]: 34, [19]: 39, [20]: 41, [21]: 44, [22]: 46, [23]: 49, [24]: 50. 
янв. 29, 2023 9:36:48 PM Functions sortArray
INFO: [0]: 1, [1]: 9, [2]: 10, [3]: 20, [4]: 12, [5]: 21, [6]: 21, [7]: 21, [8]: 0, [9]: 25, [10]: 25, [11]: 4, [12]: 27, [13]: 28, [14]: 30, [15]: 8, [16]: 34, [17]: 15, [18]: 34, [19]: 39, [20]: 41, [21]: 44, [22]: 46, [23]: 49, [24]: 50. 
янв. 29, 2023 9:36:48 PM Functions sortArray
INFO: [0]: 1, [1]: 9, [2]: 10, [3]: 20, [4]: 12, [5]: 21, [6]: 21, [7]: 21, [8]: 0, [9]: 25, [10]: 25, [11]: 4, [12]: 27, [13]: 28, [14]: 8, [15]: 30, [16]: 34, [17]: 15, [18]: 34, [19]: 39, [20]: 41, [21]: 44, [22]: 46, [23]: 49, [24]: 50. 
янв. 29, 2023 9:36:48 PM Functions sortArray
INFO: [0]: 1, [1]: 9, [2]: 10, [3]: 20, [4]: 12, [5]: 21, [6]: 21, [7]: 21, [8]: 0, [9]: 25, [10]: 25, [11]: 4, [12]: 27, [13]: 28, [14]: 8, [15]: 30, [16]: 34, [17]: 15, [18]: 34, [19]: 39, [20]: 41, [21]: 44, [22]: 46, [23]: 49, [24]: 50. 
янв. 29, 2023 9:36:48 PM Functions sortArray
INFO: [0]: 1, [1]: 9, [2]: 10, [3]: 20, [4]: 12, [5]: 21, [6]: 21, [7]: 21, [8]: 0, [9]: 25, [10]: 25, [11]: 4, [12]: 27, [13]: 28, [14]: 8, [15]: 30, [16]: 15, [17]: 34, [18]: 34, [19]: 39, [20]: 41, [21]: 44, [22]: 46, [23]: 49, [24]: 50. 
янв. 29, 2023 9:36:48 PM Functions sortArray
INFO: [0]: 1, [1]: 9, [2]: 10, [3]: 20, [4]: 12, [5]: 21, [6]: 21, [7]: 21, [8]: 0, [9]: 25, [10]: 25, [11]: 4, [12]: 27, [13]: 28, [14]: 8, [15]: 30, [16]: 15, [17]: 34, [18]: 34, [19]: 39, [20]: 41, [21]: 44, [22]: 46, [23]: 49, [24]: 50. 
янв. 29, 2023 9:36:48 PM Functions sortArray
INFO: [0]: 1, [1]: 9, [2]: 10, [3]: 20, [4]: 12, [5]: 21, [6]: 21, [7]: 21, [8]: 0, [9]: 25, [10]: 25, [11]: 4, [12]: 27, [13]: 28, [14]: 8, [15]: 30, [16]: 15, [17]: 34, [18]: 34, [19]: 39, [20]: 41, [21]: 44, [22]: 46, [23]: 49, [24]: 50. 
янв. 29, 2023 9:36:48 PM Functions sortArray
INFO: [0]: 1, [1]: 9, [2]: 10, [3]: 20, [4]: 12, [5]: 21, [6]: 21, [7]: 21, [8]: 0, [9]: 25, [10]: 25, [11]: 4, [12]: 27, [13]: 28, [14]: 8, [15]: 30, [16]: 15, [17]: 34, [18]: 34, [19]: 39, [20]: 41, [21]: 44, [22]: 46, [23]: 49, [24]: 50. 
янв. 29, 2023 9:36:48 PM Functions sortArray
INFO: [0]: 1, [1]: 9, [2]: 10, [3]: 12, [4]: 20, [5]: 21, [6]: 21, [7]: 21, [8]: 0, [9]: 25, [10]: 25, [11]: 4, [12]: 27, [13]: 28, [14]: 8, [15]: 30, [16]: 15, [17]: 34, [18]: 34, [19]: 39, [20]: 41, [21]: 44, [22]: 46, [23]: 49, [24]: 50. 
янв. 29, 2023 9:36:48 PM Functions sortArray
INFO: [0]: 1, [1]: 9, [2]: 10, [3]: 12, [4]: 20, [5]: 21, [6]: 21, [7]: 21, [8]: 0, [9]: 25, [10]: 25, [11]: 4, [12]: 27, [13]: 28, [14]: 8, [15]: 30, [16]: 15, [17]: 34, [18]: 34, [19]: 39, [20]: 41, [21]: 44, [22]: 46, [23]: 49, [24]: 50. 
янв. 29, 2023 9:36:48 PM Functions sortArray
INFO: [0]: 1, [1]: 9, [2]: 10, [3]: 12, [4]: 20, [5]: 21, [6]: 21, [7]: 21, [8]: 0, [9]: 25, [10]: 25, [11]: 4, [12]: 27, [13]: 28, [14]: 8, [15]: 30, [16]: 15, [17]: 34, [18]: 34, [19]: 39, [20]: 41, [21]: 44, [22]: 46, [23]: 49, [24]: 50. 
янв. 29, 2023 9:36:48 PM Functions sortArray
INFO: [0]: 1, [1]: 9, [2]: 10, [3]: 12, [4]: 20, [5]: 21, [6]: 21, [7]: 21, [8]: 0, [9]: 25, [10]: 25, [11]: 4, [12]: 27, [13]: 28, [14]: 8, [15]: 30, [16]: 15, [17]: 34, [18]: 34, [19]: 39, [20]: 41, [21]: 44, [22]: 46, [23]: 49, [24]: 50. 
янв. 29, 2023 9:36:48 PM Functions sortArray
INFO: [0]: 1, [1]: 9, [2]: 10, [3]: 12, [4]: 20, [5]: 21, [6]: 21, [7]: 0, [8]: 21, [9]: 25, [10]: 25, [11]: 4, [12]: 27, [13]: 28, [14]: 8, [15]: 30, [16]: 15, [17]: 34, [18]: 34, [19]: 39, [20]: 41, [21]: 44, [22]: 46, [23]: 49, [24]: 50. 
янв. 29, 2023 9:36:48 PM Functions sortArray
INFO: [0]: 1, [1]: 9, [2]: 10, [3]: 12, [4]: 20, [5]: 21, [6]: 21, [7]: 0, [8]: 21, [9]: 25, [10]: 25, [11]: 4, [12]: 27, [13]: 28, [14]: 8, [15]: 30, [16]: 15, [17]: 34, [18]: 34, [19]: 39, [20]: 41, [21]: 44, [22]: 46, [23]: 49, [24]: 50. 
янв. 29, 2023 9:36:48 PM Functions sortArray
INFO: [0]: 1, [1]: 9, [2]: 10, [3]: 12, [4]: 20, [5]: 21, [6]: 21, [7]: 0, [8]: 21, [9]: 25, [10]: 25, [11]: 4, [12]: 27, [13]: 28, [14]: 8, [15]: 30, [16]: 15, [17]: 34, [18]: 34, [19]: 39, [20]: 41, [21]: 44, [22]: 46, [23]: 49, [24]: 50. 
янв. 29, 2023 9:36:48 PM Functions sortArray
INFO: [0]: 1, [1]: 9, [2]: 10, [3]: 12, [4]: 20, [5]: 21, [6]: 21, [7]: 0, [8]: 21, [9]: 25, [10]: 4, [11]: 25, [12]: 27, [13]: 28, [14]: 8, [15]: 30, [16]: 15, [17]: 34, [18]: 34, [19]: 39, [20]: 41, [21]: 44, [22]: 46, [23]: 49, [24]: 50. 
янв. 29, 2023 9:36:48 PM Functions sortArray
INFO: [0]: 1, [1]: 9, [2]: 10, [3]: 12, [4]: 20, [5]: 21, [6]: 21, [7]: 0, [8]: 21, [9]: 25, [10]: 4, [11]: 25, [12]: 27, [13]: 28, [14]: 8, [15]: 30, [16]: 15, [17]: 34, [18]: 34, [19]: 39, [20]: 41, [21]: 44, [22]: 46, [23]: 49, [24]: 50. 
янв. 29, 2023 9:36:48 PM Functions sortArray
INFO: [0]: 1, [1]: 9, [2]: 10, [3]: 12, [4]: 20, [5]: 21, [6]: 21, [7]: 0, [8]: 21, [9]: 25, [10]: 4, [11]: 25, [12]: 27, [13]: 28, [14]: 8, [15]: 30, [16]: 15, [17]: 34, [18]: 34, [19]: 39, [20]: 41, [21]: 44, [22]: 46, [23]: 49, [24]: 50. 
янв. 29, 2023 9:36:48 PM Functions sortArray
INFO: [0]: 1, [1]: 9, [2]: 10, [3]: 12, [4]: 20, [5]: 21, [6]: 21, [7]: 0, [8]: 21, [9]: 25, [10]: 4, [11]: 25, [12]: 27, [13]: 8, [14]: 28, [15]: 30, [16]: 15, [17]: 34, [18]: 34, [19]: 39, [20]: 41, [21]: 44, [22]: 46, [23]: 49, [24]: 50. 
янв. 29, 2023 9:36:48 PM Functions sortArray
INFO: [0]: 1, [1]: 9, [2]: 10, [3]: 12, [4]: 20, [5]: 21, [6]: 21, [7]: 0, [8]: 21, [9]: 25, [10]: 4, [11]: 25, [12]: 27, [13]: 8, [14]: 28, [15]: 30, [16]: 15, [17]: 34, [18]: 34, [19]: 39, [20]: 41, [21]: 44, [22]: 46, [23]: 49, [24]: 50. 
янв. 29, 2023 9:36:48 PM Functions sortArray
INFO: [0]: 1, [1]: 9, [2]: 10, [3]: 12, [4]: 20, [5]: 21, [6]: 21, [7]: 0, [8]: 21, [9]: 25, [10]: 4, [11]: 25, [12]: 27, [13]: 8, [14]: 28, [15]: 15, [16]: 30, [17]: 34, [18]: 34, [19]: 39, [20]: 41, [21]: 44, [22]: 46, [23]: 49, [24]: 50. 
янв. 29, 2023 9:36:48 PM Functions sortArray
INFO: [0]: 1, [1]: 9, [2]: 10, [3]: 12, [4]: 20, [5]: 21, [6]: 21, [7]: 0, [8]: 21, [9]: 25, [10]: 4, [11]: 25, [12]: 27, [13]: 8, [14]: 28, [15]: 15, [16]: 30, [17]: 34, [18]: 34, [19]: 39, [20]: 41, [21]: 44, [22]: 46, [23]: 49, [24]: 50. 
янв. 29, 2023 9:36:48 PM Functions sortArray
INFO: [0]: 1, [1]: 9, [2]: 10, [3]: 12, [4]: 20, [5]: 21, [6]: 21, [7]: 0, [8]: 21, [9]: 25, [10]: 4, [11]: 25, [12]: 27, [13]: 8, [14]: 28, [15]: 15, [16]: 30, [17]: 34, [18]: 34, [19]: 39, [20]: 41, [21]: 44, [22]: 46, [23]: 49, [24]: 50. 
янв. 29, 2023 9:36:48 PM Functions sortArray
INFO: [0]: 1, [1]: 9, [2]: 10, [3]: 12, [4]: 20, [5]: 21, [6]: 21, [7]: 0, [8]: 21, [9]: 25, [10]: 4, [11]: 25, [12]: 27, [13]: 8, [14]: 28, [15]: 15, [16]: 30, [17]: 34, [18]: 34, [19]: 39, [20]: 41, [21]: 44, [22]: 46, [23]: 49, [24]: 50. 
янв. 29, 2023 9:36:48 PM Functions sortArray
INFO: [0]: 1, [1]: 9, [2]: 10, [3]: 12, [4]: 20, [5]: 21, [6]: 21, [7]: 0, [8]: 21, [9]: 25, [10]: 4, [11]: 25, [12]: 27, [13]: 8, [14]: 28, [15]: 15, [16]: 30, [17]: 34, [18]: 34, [19]: 39, [20]: 41, [21]: 44, [22]: 46, [23]: 49, [24]: 50. 
янв. 29, 2023 9:36:48 PM Functions sortArray
INFO: [0]: 1, [1]: 9, [2]: 10, [3]: 12, [4]: 20, [5]: 21, [6]: 21, [7]: 0, [8]: 21, [9]: 25, [10]: 4, [11]: 25, [12]: 27, [13]: 8, [14]: 28, [15]: 15, [16]: 30, [17]: 34, [18]: 34, [19]: 39, [20]: 41, [21]: 44, [22]: 46, [23]: 49, [24]: 50. 
янв. 29, 2023 9:36:48 PM Functions sortArray
INFO: [0]: 1, [1]: 9, [2]: 10, [3]: 12, [4]: 20, [5]: 21, [6]: 21, [7]: 0, [8]: 21, [9]: 25, [10]: 4, [11]: 25, [12]: 27, [13]: 8, [14]: 28, [15]: 15, [16]: 30, [17]: 34, [18]: 34, [19]: 39, [20]: 41, [21]: 44, [22]: 46, [23]: 49, [24]: 50. 
янв. 29, 2023 9:36:48 PM Functions sortArray
INFO: [0]: 1, [1]: 9, [2]: 10, [3]: 12, [4]: 20, [5]: 21, [6]: 0, [7]: 21, [8]: 21, [9]: 25, [10]: 4, [11]: 25, [12]: 27, [13]: 8, [14]: 28, [15]: 15, [16]: 30, [17]: 34, [18]: 34, [19]: 39, [20]: 41, [21]: 44, [22]: 46, [23]: 49, [24]: 50. 
янв. 29, 2023 9:36:48 PM Functions sortArray
INFO: [0]: 1, [1]: 9, [2]: 10, [3]: 12, [4]: 20, [5]: 21, [6]: 0, [7]: 21, [8]: 21, [9]: 25, [10]: 4, [11]: 25, [12]: 27, [13]: 8, [14]: 28, [15]: 15, [16]: 30, [17]: 34, [18]: 34, [19]: 39, [20]: 41, [21]: 44, [22]: 46, [23]: 49, [24]: 50. 
янв. 29, 2023 9:36:48 PM Functions sortArray
INFO: [0]: 1, [1]: 9, [2]: 10, [3]: 12, [4]: 20, [5]: 21, [6]: 0, [7]: 21, [8]: 21, [9]: 25, [10]: 4, [11]: 25, [12]: 27, [13]: 8, [14]: 28, [15]: 15, [16]: 30, [17]: 34, [18]: 34, [19]: 39, [20]: 41, [21]: 44, [22]: 46, [23]: 49, [24]: 50. 
янв. 29, 2023 9:36:48 PM Functions sortArray
INFO: [0]: 1, [1]: 9, [2]: 10, [3]: 12, [4]: 20, [5]: 21, [6]: 0, [7]: 21, [8]: 21, [9]: 4, [10]: 25, [11]: 25, [12]: 27, [13]: 8, [14]: 28, [15]: 15, [16]: 30, [17]: 34, [18]: 34, [19]: 39, [20]: 41, [21]: 44, [22]: 46, [23]: 49, [24]: 50. 
янв. 29, 2023 9:36:48 PM Functions sortArray
INFO: [0]: 1, [1]: 9, [2]: 10, [3]: 12, [4]: 20, [5]: 21, [6]: 0, [7]: 21, [8]: 21, [9]: 4, [10]: 25, [11]: 25, [12]: 27, [13]: 8, [14]: 28, [15]: 15, [16]: 30, [17]: 34, [18]: 34, [19]: 39, [20]: 41, [21]: 44, [22]: 46, [23]: 49, [24]: 50. 
янв. 29, 2023 9:36:48 PM Functions sortArray
INFO: [0]: 1, [1]: 9, [2]: 10, [3]: 12, [4]: 20, [5]: 21, [6]: 0, [7]: 21, [8]: 21, [9]: 4, [10]: 25, [11]: 25, [12]: 27, [13]: 8, [14]: 28, [15]: 15, [16]: 30, [17]: 34, [18]: 34, [19]: 39, [20]: 41, [21]: 44, [22]: 46, [23]: 49, [24]: 50. 
янв. 29, 2023 9:36:48 PM Functions sortArray
INFO: [0]: 1, [1]: 9, [2]: 10, [3]: 12, [4]: 20, [5]: 21, [6]: 0, [7]: 21, [8]: 21, [9]: 4, [10]: 25, [11]: 25, [12]: 8, [13]: 27, [14]: 28, [15]: 15, [16]: 30, [17]: 34, [18]: 34, [19]: 39, [20]: 41, [21]: 44, [22]: 46, [23]: 49, [24]: 50. 
янв. 29, 2023 9:36:48 PM Functions sortArray
INFO: [0]: 1, [1]: 9, [2]: 10, [3]: 12, [4]: 20, [5]: 21, [6]: 0, [7]: 21, [8]: 21, [9]: 4, [10]: 25, [11]: 25, [12]: 8, [13]: 27, [14]: 28, [15]: 15, [16]: 30, [17]: 34, [18]: 34, [19]: 39, [20]: 41, [21]: 44, [22]: 46, [23]: 49, [24]: 50. 
янв. 29, 2023 9:36:48 PM Functions sortArray
INFO: [0]: 1, [1]: 9, [2]: 10, [3]: 12, [4]: 20, [5]: 21, [6]: 0, [7]: 21, [8]: 21, [9]: 4, [10]: 25, [11]: 25, [12]: 8, [13]: 27, [14]: 15, [15]: 28, [16]: 30, [17]: 34, [18]: 34, [19]: 39, [20]: 41, [21]: 44, [22]: 46, [23]: 49, [24]: 50. 
янв. 29, 2023 9:36:48 PM Functions sortArray
INFO: [0]: 1, [1]: 9, [2]: 10, [3]: 12, [4]: 20, [5]: 21, [6]: 0, [7]: 21, [8]: 21, [9]: 4, [10]: 25, [11]: 25, [12]: 8, [13]: 27, [14]: 15, [15]: 28, [16]: 30, [17]: 34, [18]: 34, [19]: 39, [20]: 41, [21]: 44, [22]: 46, [23]: 49, [24]: 50. 
янв. 29, 2023 9:36:48 PM Functions sortArray
INFO: [0]: 1, [1]: 9, [2]: 10, [3]: 12, [4]: 20, [5]: 21, [6]: 0, [7]: 21, [8]: 21, [9]: 4, [10]: 25, [11]: 25, [12]: 8, [13]: 27, [14]: 15, [15]: 28, [16]: 30, [17]: 34, [18]: 34, [19]: 39, [20]: 41, [21]: 44, [22]: 46, [23]: 49, [24]: 50. 
янв. 29, 2023 9:36:48 PM Functions sortArray
INFO: [0]: 1, [1]: 9, [2]: 10, [3]: 12, [4]: 20, [5]: 21, [6]: 0, [7]: 21, [8]: 21, [9]: 4, [10]: 25, [11]: 25, [12]: 8, [13]: 27, [14]: 15, [15]: 28, [16]: 30, [17]: 34, [18]: 34, [19]: 39, [20]: 41, [21]: 44, [22]: 46, [23]: 49, [24]: 50. 
янв. 29, 2023 9:36:48 PM Functions sortArray
INFO: [0]: 1, [1]: 9, [2]: 10, [3]: 12, [4]: 20, [5]: 21, [6]: 0, [7]: 21, [8]: 21, [9]: 4, [10]: 25, [11]: 25, [12]: 8, [13]: 27, [14]: 15, [15]: 28, [16]: 30, [17]: 34, [18]: 34, [19]: 39, [20]: 41, [21]: 44, [22]: 46, [23]: 49, [24]: 50. 
янв. 29, 2023 9:36:48 PM Functions sortArray
INFO: [0]: 1, [1]: 9, [2]: 10, [3]: 12, [4]: 20, [5]: 21, [6]: 0, [7]: 21, [8]: 21, [9]: 4, [10]: 25, [11]: 25, [12]: 8, [13]: 27, [14]: 15, [15]: 28, [16]: 30, [17]: 34, [18]: 34, [19]: 39, [20]: 41, [21]: 44, [22]: 46, [23]: 49, [24]: 50. 
янв. 29, 2023 9:36:48 PM Functions sortArray
INFO: [0]: 1, [1]: 9, [2]: 10, [3]: 12, [4]: 20, [5]: 0, [6]: 21, [7]: 21, [8]: 21, [9]: 4, [10]: 25, [11]: 25, [12]: 8, [13]: 27, [14]: 15, [15]: 28, [16]: 30, [17]: 34, [18]: 34, [19]: 39, [20]: 41, [21]: 44, [22]: 46, [23]: 49, [24]: 50. 
янв. 29, 2023 9:36:48 PM Functions sortArray
INFO: [0]: 1, [1]: 9, [2]: 10, [3]: 12, [4]: 20, [5]: 0, [6]: 21, [7]: 21, [8]: 21, [9]: 4, [10]: 25, [11]: 25, [12]: 8, [13]: 27, [14]: 15, [15]: 28, [16]: 30, [17]: 34, [18]: 34, [19]: 39, [20]: 41, [21]: 44, [22]: 46, [23]: 49, [24]: 50. 
янв. 29, 2023 9:36:48 PM Functions sortArray
INFO: [0]: 1, [1]: 9, [2]: 10, [3]: 12, [4]: 20, [5]: 0, [6]: 21, [7]: 21, [8]: 21, [9]: 4, [10]: 25, [11]: 25, [12]: 8, [13]: 27, [14]: 15, [15]: 28, [16]: 30, [17]: 34, [18]: 34, [19]: 39, [20]: 41, [21]: 44, [22]: 46, [23]: 49, [24]: 50. 
янв. 29, 2023 9:36:48 PM Functions sortArray
INFO: [0]: 1, [1]: 9, [2]: 10, [3]: 12, [4]: 20, [5]: 0, [6]: 21, [7]: 21, [8]: 4, [9]: 21, [10]: 25, [11]: 25, [12]: 8, [13]: 27, [14]: 15, [15]: 28, [16]: 30, [17]: 34, [18]: 34, [19]: 39, [20]: 41, [21]: 44, [22]: 46, [23]: 49, [24]: 50. 
янв. 29, 2023 9:36:48 PM Functions sortArray
INFO: [0]: 1, [1]: 9, [2]: 10, [3]: 12, [4]: 20, [5]: 0, [6]: 21, [7]: 21, [8]: 4, [9]: 21, [10]: 25, [11]: 25, [12]: 8, [13]: 27, [14]: 15, [15]: 28, [16]: 30, [17]: 34, [18]: 34, [19]: 39, [20]: 41, [21]: 44, [22]: 46, [23]: 49, [24]: 50. 
янв. 29, 2023 9:36:48 PM Functions sortArray
INFO: [0]: 1, [1]: 9, [2]: 10, [3]: 12, [4]: 20, [5]: 0, [6]: 21, [7]: 21, [8]: 4, [9]: 21, [10]: 25, [11]: 25, [12]: 8, [13]: 27, [14]: 15, [15]: 28, [16]: 30, [17]: 34, [18]: 34, [19]: 39, [20]: 41, [21]: 44, [22]: 46, [23]: 49, [24]: 50. 
янв. 29, 2023 9:36:48 PM Functions sortArray
INFO: [0]: 1, [1]: 9, [2]: 10, [3]: 12, [4]: 20, [5]: 0, [6]: 21, [7]: 21, [8]: 4, [9]: 21, [10]: 25, [11]: 8, [12]: 25, [13]: 27, [14]: 15, [15]: 28, [16]: 30, [17]: 34, [18]: 34, [19]: 39, [20]: 41, [21]: 44, [22]: 46, [23]: 49, [24]: 50. 
янв. 29, 2023 9:36:48 PM Functions sortArray
INFO: [0]: 1, [1]: 9, [2]: 10, [3]: 12, [4]: 20, [5]: 0, [6]: 21, [7]: 21, [8]: 4, [9]: 21, [10]: 25, [11]: 8, [12]: 25, [13]: 27, [14]: 15, [15]: 28, [16]: 30, [17]: 34, [18]: 34, [19]: 39, [20]: 41, [21]: 44, [22]: 46, [23]: 49, [24]: 50. 
янв. 29, 2023 9:36:48 PM Functions sortArray
INFO: [0]: 1, [1]: 9, [2]: 10, [3]: 12, [4]: 20, [5]: 0, [6]: 21, [7]: 21, [8]: 4, [9]: 21, [10]: 25, [11]: 8, [12]: 25, [13]: 15, [14]: 27, [15]: 28, [16]: 30, [17]: 34, [18]: 34, [19]: 39, [20]: 41, [21]: 44, [22]: 46, [23]: 49, [24]: 50. 
янв. 29, 2023 9:36:48 PM Functions sortArray
INFO: [0]: 1, [1]: 9, [2]: 10, [3]: 12, [4]: 20, [5]: 0, [6]: 21, [7]: 21, [8]: 4, [9]: 21, [10]: 25, [11]: 8, [12]: 25, [13]: 15, [14]: 27, [15]: 28, [16]: 30, [17]: 34, [18]: 34, [19]: 39, [20]: 41, [21]: 44, [22]: 46, [23]: 49, [24]: 50. 
янв. 29, 2023 9:36:48 PM Functions sortArray
INFO: [0]: 1, [1]: 9, [2]: 10, [3]: 12, [4]: 20, [5]: 0, [6]: 21, [7]: 21, [8]: 4, [9]: 21, [10]: 25, [11]: 8, [12]: 25, [13]: 15, [14]: 27, [15]: 28, [16]: 30, [17]: 34, [18]: 34, [19]: 39, [20]: 41, [21]: 44, [22]: 46, [23]: 49, [24]: 50. 
янв. 29, 2023 9:36:48 PM Functions sortArray
INFO: [0]: 1, [1]: 9, [2]: 10, [3]: 12, [4]: 20, [5]: 0, [6]: 21, [7]: 21, [8]: 4, [9]: 21, [10]: 25, [11]: 8, [12]: 25, [13]: 15, [14]: 27, [15]: 28, [16]: 30, [17]: 34, [18]: 34, [19]: 39, [20]: 41, [21]: 44, [22]: 46, [23]: 49, [24]: 50. 
янв. 29, 2023 9:36:48 PM Functions sortArray
INFO: [0]: 1, [1]: 9, [2]: 10, [3]: 12, [4]: 20, [5]: 0, [6]: 21, [7]: 21, [8]: 4, [9]: 21, [10]: 25, [11]: 8, [12]: 25, [13]: 15, [14]: 27, [15]: 28, [16]: 30, [17]: 34, [18]: 34, [19]: 39, [20]: 41, [21]: 44, [22]: 46, [23]: 49, [24]: 50. 
янв. 29, 2023 9:36:48 PM Functions sortArray
INFO: [0]: 1, [1]: 9, [2]: 10, [3]: 12, [4]: 0, [5]: 20, [6]: 21, [7]: 21, [8]: 4, [9]: 21, [10]: 25, [11]: 8, [12]: 25, [13]: 15, [14]: 27, [15]: 28, [16]: 30, [17]: 34, [18]: 34, [19]: 39, [20]: 41, [21]: 44, [22]: 46, [23]: 49, [24]: 50. 
янв. 29, 2023 9:36:48 PM Functions sortArray
INFO: [0]: 1, [1]: 9, [2]: 10, [3]: 12, [4]: 0, [5]: 20, [6]: 21, [7]: 21, [8]: 4, [9]: 21, [10]: 25, [11]: 8, [12]: 25, [13]: 15, [14]: 27, [15]: 28, [16]: 30, [17]: 34, [18]: 34, [19]: 39, [20]: 41, [21]: 44, [22]: 46, [23]: 49, [24]: 50. 
янв. 29, 2023 9:36:48 PM Functions sortArray
INFO: [0]: 1, [1]: 9, [2]: 10, [3]: 12, [4]: 0, [5]: 20, [6]: 21, [7]: 21, [8]: 4, [9]: 21, [10]: 25, [11]: 8, [12]: 25, [13]: 15, [14]: 27, [15]: 28, [16]: 30, [17]: 34, [18]: 34, [19]: 39, [20]: 41, [21]: 44, [22]: 46, [23]: 49, [24]: 50. 
янв. 29, 2023 9:36:48 PM Functions sortArray
INFO: [0]: 1, [1]: 9, [2]: 10, [3]: 12, [4]: 0, [5]: 20, [6]: 21, [7]: 4, [8]: 21, [9]: 21, [10]: 25, [11]: 8, [12]: 25, [13]: 15, [14]: 27, [15]: 28, [16]: 30, [17]: 34, [18]: 34, [19]: 39, [20]: 41, [21]: 44, [22]: 46, [23]: 49, [24]: 50. 
янв. 29, 2023 9:36:48 PM Functions sortArray
INFO: [0]: 1, [1]: 9, [2]: 10, [3]: 12, [4]: 0, [5]: 20, [6]: 21, [7]: 4, [8]: 21, [9]: 21, [10]: 25, [11]: 8, [12]: 25, [13]: 15, [14]: 27, [15]: 28, [16]: 30, [17]: 34, [18]: 34, [19]: 39, [20]: 41, [21]: 44, [22]: 46, [23]: 49, [24]: 50. 
янв. 29, 2023 9:36:48 PM Functions sortArray
INFO: [0]: 1, [1]: 9, [2]: 10, [3]: 12, [4]: 0, [5]: 20, [6]: 21, [7]: 4, [8]: 21, [9]: 21, [10]: 25, [11]: 8, [12]: 25, [13]: 15, [14]: 27, [15]: 28, [16]: 30, [17]: 34, [18]: 34, [19]: 39, [20]: 41, [21]: 44, [22]: 46, [23]: 49, [24]: 50. 
янв. 29, 2023 9:36:48 PM Functions sortArray
INFO: [0]: 1, [1]: 9, [2]: 10, [3]: 12, [4]: 0, [5]: 20, [6]: 21, [7]: 4, [8]: 21, [9]: 21, [10]: 8, [11]: 25, [12]: 25, [13]: 15, [14]: 27, [15]: 28, [16]: 30, [17]: 34, [18]: 34, [19]: 39, [20]: 41, [21]: 44, [22]: 46, [23]: 49, [24]: 50. 
янв. 29, 2023 9:36:48 PM Functions sortArray
INFO: [0]: 1, [1]: 9, [2]: 10, [3]: 12, [4]: 0, [5]: 20, [6]: 21, [7]: 4, [8]: 21, [9]: 21, [10]: 8, [11]: 25, [12]: 25, [13]: 15, [14]: 27, [15]: 28, [16]: 30, [17]: 34, [18]: 34, [19]: 39, [20]: 41, [21]: 44, [22]: 46, [23]: 49, [24]: 50. 
янв. 29, 2023 9:36:48 PM Functions sortArray
INFO: [0]: 1, [1]: 9, [2]: 10, [3]: 12, [4]: 0, [5]: 20, [6]: 21, [7]: 4, [8]: 21, [9]: 21, [10]: 8, [11]: 25, [12]: 15, [13]: 25, [14]: 27, [15]: 28, [16]: 30, [17]: 34, [18]: 34, [19]: 39, [20]: 41, [21]: 44, [22]: 46, [23]: 49, [24]: 50. 
янв. 29, 2023 9:36:48 PM Functions sortArray
INFO: [0]: 1, [1]: 9, [2]: 10, [3]: 12, [4]: 0, [5]: 20, [6]: 21, [7]: 4, [8]: 21, [9]: 21, [10]: 8, [11]: 25, [12]: 15, [13]: 25, [14]: 27, [15]: 28, [16]: 30, [17]: 34, [18]: 34, [19]: 39, [20]: 41, [21]: 44, [22]: 46, [23]: 49, [24]: 50. 
янв. 29, 2023 9:36:48 PM Functions sortArray
INFO: [0]: 1, [1]: 9, [2]: 10, [3]: 12, [4]: 0, [5]: 20, [6]: 21, [7]: 4, [8]: 21, [9]: 21, [10]: 8, [11]: 25, [12]: 15, [13]: 25, [14]: 27, [15]: 28, [16]: 30, [17]: 34, [18]: 34, [19]: 39, [20]: 41, [21]: 44, [22]: 46, [23]: 49, [24]: 50. 
янв. 29, 2023 9:36:48 PM Functions sortArray
INFO: [0]: 1, [1]: 9, [2]: 10, [3]: 12, [4]: 0, [5]: 20, [6]: 21, [7]: 4, [8]: 21, [9]: 21, [10]: 8, [11]: 25, [12]: 15, [13]: 25, [14]: 27, [15]: 28, [16]: 30, [17]: 34, [18]: 34, [19]: 39, [20]: 41, [21]: 44, [22]: 46, [23]: 49, [24]: 50. 
янв. 29, 2023 9:36:48 PM Functions sortArray
INFO: [0]: 1, [1]: 9, [2]: 10, [3]: 0, [4]: 12, [5]: 20, [6]: 21, [7]: 4, [8]: 21, [9]: 21, [10]: 8, [11]: 25, [12]: 15, [13]: 25, [14]: 27, [15]: 28, [16]: 30, [17]: 34, [18]: 34, [19]: 39, [20]: 41, [21]: 44, [22]: 46, [23]: 49, [24]: 50. 
янв. 29, 2023 9:36:48 PM Functions sortArray
INFO: [0]: 1, [1]: 9, [2]: 10, [3]: 0, [4]: 12, [5]: 20, [6]: 21, [7]: 4, [8]: 21, [9]: 21, [10]: 8, [11]: 25, [12]: 15, [13]: 25, [14]: 27, [15]: 28, [16]: 30, [17]: 34, [18]: 34, [19]: 39, [20]: 41, [21]: 44, [22]: 46, [23]: 49, [24]: 50. 
янв. 29, 2023 9:36:48 PM Functions sortArray
INFO: [0]: 1, [1]: 9, [2]: 10, [3]: 0, [4]: 12, [5]: 20, [6]: 21, [7]: 4, [8]: 21, [9]: 21, [10]: 8, [11]: 25, [12]: 15, [13]: 25, [14]: 27, [15]: 28, [16]: 30, [17]: 34, [18]: 34, [19]: 39, [20]: 41, [21]: 44, [22]: 46, [23]: 49, [24]: 50. 
янв. 29, 2023 9:36:48 PM Functions sortArray
INFO: [0]: 1, [1]: 9, [2]: 10, [3]: 0, [4]: 12, [5]: 20, [6]: 4, [7]: 21, [8]: 21, [9]: 21, [10]: 8, [11]: 25, [12]: 15, [13]: 25, [14]: 27, [15]: 28, [16]: 30, [17]: 34, [18]: 34, [19]: 39, [20]: 41, [21]: 44, [22]: 46, [23]: 49, [24]: 50. 
янв. 29, 2023 9:36:48 PM Functions sortArray
INFO: [0]: 1, [1]: 9, [2]: 10, [3]: 0, [4]: 12, [5]: 20, [6]: 4, [7]: 21, [8]: 21, [9]: 21, [10]: 8, [11]: 25, [12]: 15, [13]: 25, [14]: 27, [15]: 28, [16]: 30, [17]: 34, [18]: 34, [19]: 39, [20]: 41, [21]: 44, [22]: 46, [23]: 49, [24]: 50. 
янв. 29, 2023 9:36:48 PM Functions sortArray
INFO: [0]: 1, [1]: 9, [2]: 10, [3]: 0, [4]: 12, [5]: 20, [6]: 4, [7]: 21, [8]: 21, [9]: 21, [10]: 8, [11]: 25, [12]: 15, [13]: 25, [14]: 27, [15]: 28, [16]: 30, [17]: 34, [18]: 34, [19]: 39, [20]: 41, [21]: 44, [22]: 46, [23]: 49, [24]: 50. 
янв. 29, 2023 9:36:48 PM Functions sortArray
INFO: [0]: 1, [1]: 9, [2]: 10, [3]: 0, [4]: 12, [5]: 20, [6]: 4, [7]: 21, [8]: 21, [9]: 8, [10]: 21, [11]: 25, [12]: 15, [13]: 25, [14]: 27, [15]: 28, [16]: 30, [17]: 34, [18]: 34, [19]: 39, [20]: 41, [21]: 44, [22]: 46, [23]: 49, [24]: 50. 
янв. 29, 2023 9:36:48 PM Functions sortArray
INFO: [0]: 1, [1]: 9, [2]: 10, [3]: 0, [4]: 12, [5]: 20, [6]: 4, [7]: 21, [8]: 21, [9]: 8, [10]: 21, [11]: 25, [12]: 15, [13]: 25, [14]: 27, [15]: 28, [16]: 30, [17]: 34, [18]: 34, [19]: 39, [20]: 41, [21]: 44, [22]: 46, [23]: 49, [24]: 50. 
янв. 29, 2023 9:36:48 PM Functions sortArray
INFO: [0]: 1, [1]: 9, [2]: 10, [3]: 0, [4]: 12, [5]: 20, [6]: 4, [7]: 21, [8]: 21, [9]: 8, [10]: 21, [11]: 15, [12]: 25, [13]: 25, [14]: 27, [15]: 28, [16]: 30, [17]: 34, [18]: 34, [19]: 39, [20]: 41, [21]: 44, [22]: 46, [23]: 49, [24]: 50. 
янв. 29, 2023 9:36:48 PM Functions sortArray
INFO: [0]: 1, [1]: 9, [2]: 10, [3]: 0, [4]: 12, [5]: 20, [6]: 4, [7]: 21, [8]: 21, [9]: 8, [10]: 21, [11]: 15, [12]: 25, [13]: 25, [14]: 27, [15]: 28, [16]: 30, [17]: 34, [18]: 34, [19]: 39, [20]: 41, [21]: 44, [22]: 46, [23]: 49, [24]: 50. 
янв. 29, 2023 9:36:48 PM Functions sortArray
INFO: [0]: 1, [1]: 9, [2]: 10, [3]: 0, [4]: 12, [5]: 20, [6]: 4, [7]: 21, [8]: 21, [9]: 8, [10]: 21, [11]: 15, [12]: 25, [13]: 25, [14]: 27, [15]: 28, [16]: 30, [17]: 34, [18]: 34, [19]: 39, [20]: 41, [21]: 44, [22]: 46, [23]: 49, [24]: 50. 
янв. 29, 2023 9:36:48 PM Functions sortArray
INFO: [0]: 1, [1]: 9, [2]: 0, [3]: 10, [4]: 12, [5]: 20, [6]: 4, [7]: 21, [8]: 21, [9]: 8, [10]: 21, [11]: 15, [12]: 25, [13]: 25, [14]: 27, [15]: 28, [16]: 30, [17]: 34, [18]: 34, [19]: 39, [20]: 41, [21]: 44, [22]: 46, [23]: 49, [24]: 50. 
янв. 29, 2023 9:36:48 PM Functions sortArray
INFO: [0]: 1, [1]: 9, [2]: 0, [3]: 10, [4]: 12, [5]: 20, [6]: 4, [7]: 21, [8]: 21, [9]: 8, [10]: 21, [11]: 15, [12]: 25, [13]: 25, [14]: 27, [15]: 28, [16]: 30, [17]: 34, [18]: 34, [19]: 39, [20]: 41, [21]: 44, [22]: 46, [23]: 49, [24]: 50. 
янв. 29, 2023 9:36:48 PM Functions sortArray
INFO: [0]: 1, [1]: 9, [2]: 0, [3]: 10, [4]: 12, [5]: 20, [6]: 4, [7]: 21, [8]: 21, [9]: 8, [10]: 21, [11]: 15, [12]: 25, [13]: 25, [14]: 27, [15]: 28, [16]: 30, [17]: 34, [18]: 34, [19]: 39, [20]: 41, [21]: 44, [22]: 46, [23]: 49, [24]: 50. 
янв. 29, 2023 9:36:48 PM Functions sortArray
INFO: [0]: 1, [1]: 9, [2]: 0, [3]: 10, [4]: 12, [5]: 4, [6]: 20, [7]: 21, [8]: 21, [9]: 8, [10]: 21, [11]: 15, [12]: 25, [13]: 25, [14]: 27, [15]: 28, [16]: 30, [17]: 34, [18]: 34, [19]: 39, [20]: 41, [21]: 44, [22]: 46, [23]: 49, [24]: 50. 
янв. 29, 2023 9:36:48 PM Functions sortArray
INFO: [0]: 1, [1]: 9, [2]: 0, [3]: 10, [4]: 12, [5]: 4, [6]: 20, [7]: 21, [8]: 21, [9]: 8, [10]: 21, [11]: 15, [12]: 25, [13]: 25, [14]: 27, [15]: 28, [16]: 30, [17]: 34, [18]: 34, [19]: 39, [20]: 41, [21]: 44, [22]: 46, [23]: 49, [24]: 50. 
янв. 29, 2023 9:36:48 PM Functions sortArray
INFO: [0]: 1, [1]: 9, [2]: 0, [3]: 10, [4]: 12, [5]: 4, [6]: 20, [7]: 21, [8]: 21, [9]: 8, [10]: 21, [11]: 15, [12]: 25, [13]: 25, [14]: 27, [15]: 28, [16]: 30, [17]: 34, [18]: 34, [19]: 39, [20]: 41, [21]: 44, [22]: 46, [23]: 49, [24]: 50. 
янв. 29, 2023 9:36:48 PM Functions sortArray
INFO: [0]: 1, [1]: 9, [2]: 0, [3]: 10, [4]: 12, [5]: 4, [6]: 20, [7]: 21, [8]: 8, [9]: 21, [10]: 21, [11]: 15, [12]: 25, [13]: 25, [14]: 27, [15]: 28, [16]: 30, [17]: 34, [18]: 34, [19]: 39, [20]: 41, [21]: 44, [22]: 46, [23]: 49, [24]: 50. 
янв. 29, 2023 9:36:48 PM Functions sortArray
INFO: [0]: 1, [1]: 9, [2]: 0, [3]: 10, [4]: 12, [5]: 4, [6]: 20, [7]: 21, [8]: 8, [9]: 21, [10]: 21, [11]: 15, [12]: 25, [13]: 25, [14]: 27, [15]: 28, [16]: 30, [17]: 34, [18]: 34, [19]: 39, [20]: 41, [21]: 44, [22]: 46, [23]: 49, [24]: 50. 
янв. 29, 2023 9:36:48 PM Functions sortArray
INFO: [0]: 1, [1]: 9, [2]: 0, [3]: 10, [4]: 12, [5]: 4, [6]: 20, [7]: 21, [8]: 8, [9]: 21, [10]: 15, [11]: 21, [12]: 25, [13]: 25, [14]: 27, [15]: 28, [16]: 30, [17]: 34, [18]: 34, [19]: 39, [20]: 41, [21]: 44, [22]: 46, [23]: 49, [24]: 50. 
янв. 29, 2023 9:36:48 PM Functions sortArray
INFO: [0]: 1, [1]: 9, [2]: 0, [3]: 10, [4]: 12, [5]: 4, [6]: 20, [7]: 21, [8]: 8, [9]: 21, [10]: 15, [11]: 21, [12]: 25, [13]: 25, [14]: 27, [15]: 28, [16]: 30, [17]: 34, [18]: 34, [19]: 39, [20]: 41, [21]: 44, [22]: 46, [23]: 49, [24]: 50. 
янв. 29, 2023 9:36:48 PM Functions sortArray
INFO: [0]: 1, [1]: 0, [2]: 9, [3]: 10, [4]: 12, [5]: 4, [6]: 20, [7]: 21, [8]: 8, [9]: 21, [10]: 15, [11]: 21, [12]: 25, [13]: 25, [14]: 27, [15]: 28, [16]: 30, [17]: 34, [18]: 34, [19]: 39, [20]: 41, [21]: 44, [22]: 46, [23]: 49, [24]: 50. 
янв. 29, 2023 9:36:48 PM Functions sortArray
INFO: [0]: 1, [1]: 0, [2]: 9, [3]: 10, [4]: 12, [5]: 4, [6]: 20, [7]: 21, [8]: 8, [9]: 21, [10]: 15, [11]: 21, [12]: 25, [13]: 25, [14]: 27, [15]: 28, [16]: 30, [17]: 34, [18]: 34, [19]: 39, [20]: 41, [21]: 44, [22]: 46, [23]: 49, [24]: 50. 
янв. 29, 2023 9:36:48 PM Functions sortArray
INFO: [0]: 1, [1]: 0, [2]: 9, [3]: 10, [4]: 12, [5]: 4, [6]: 20, [7]: 21, [8]: 8, [9]: 21, [10]: 15, [11]: 21, [12]: 25, [13]: 25, [14]: 27, [15]: 28, [16]: 30, [17]: 34, [18]: 34, [19]: 39, [20]: 41, [21]: 44, [22]: 46, [23]: 49, [24]: 50. 
янв. 29, 2023 9:36:48 PM Functions sortArray
INFO: [0]: 1, [1]: 0, [2]: 9, [3]: 10, [4]: 4, [5]: 12, [6]: 20, [7]: 21, [8]: 8, [9]: 21, [10]: 15, [11]: 21, [12]: 25, [13]: 25, [14]: 27, [15]: 28, [16]: 30, [17]: 34, [18]: 34, [19]: 39, [20]: 41, [21]: 44, [22]: 46, [23]: 49, [24]: 50. 
янв. 29, 2023 9:36:48 PM Functions sortArray
INFO: [0]: 1, [1]: 0, [2]: 9, [3]: 10, [4]: 4, [5]: 12, [6]: 20, [7]: 21, [8]: 8, [9]: 21, [10]: 15, [11]: 21, [12]: 25, [13]: 25, [14]: 27, [15]: 28, [16]: 30, [17]: 34, [18]: 34, [19]: 39, [20]: 41, [21]: 44, [22]: 46, [23]: 49, [24]: 50. 
янв. 29, 2023 9:36:48 PM Functions sortArray
INFO: [0]: 1, [1]: 0, [2]: 9, [3]: 10, [4]: 4, [5]: 12, [6]: 20, [7]: 21, [8]: 8, [9]: 21, [10]: 15, [11]: 21, [12]: 25, [13]: 25, [14]: 27, [15]: 28, [16]: 30, [17]: 34, [18]: 34, [19]: 39, [20]: 41, [21]: 44, [22]: 46, [23]: 49, [24]: 50. 
янв. 29, 2023 9:36:48 PM Functions sortArray
INFO: [0]: 1, [1]: 0, [2]: 9, [3]: 10, [4]: 4, [5]: 12, [6]: 20, [7]: 8, [8]: 21, [9]: 21, [10]: 15, [11]: 21, [12]: 25, [13]: 25, [14]: 27, [15]: 28, [16]: 30, [17]: 34, [18]: 34, [19]: 39, [20]: 41, [21]: 44, [22]: 46, [23]: 49, [24]: 50. 
янв. 29, 2023 9:36:48 PM Functions sortArray
INFO: [0]: 1, [1]: 0, [2]: 9, [3]: 10, [4]: 4, [5]: 12, [6]: 20, [7]: 8, [8]: 21, [9]: 21, [10]: 15, [11]: 21, [12]: 25, [13]: 25, [14]: 27, [15]: 28, [16]: 30, [17]: 34, [18]: 34, [19]: 39, [20]: 41, [21]: 44, [22]: 46, [23]: 49, [24]: 50. 
янв. 29, 2023 9:36:48 PM Functions sortArray
INFO: [0]: 1, [1]: 0, [2]: 9, [3]: 10, [4]: 4, [5]: 12, [6]: 20, [7]: 8, [8]: 21, [9]: 15, [10]: 21, [11]: 21, [12]: 25, [13]: 25, [14]: 27, [15]: 28, [16]: 30, [17]: 34, [18]: 34, [19]: 39, [20]: 41, [21]: 44, [22]: 46, [23]: 49, [24]: 50. 
янв. 29, 2023 9:36:48 PM Functions sortArray
INFO: [0]: 0, [1]: 1, [2]: 9, [3]: 10, [4]: 4, [5]: 12, [6]: 20, [7]: 8, [8]: 21, [9]: 15, [10]: 21, [11]: 21, [12]: 25, [13]: 25, [14]: 27, [15]: 28, [16]: 30, [17]: 34, [18]: 34, [19]: 39, [20]: 41, [21]: 44, [22]: 46, [23]: 49, [24]: 50. 
янв. 29, 2023 9:36:48 PM Functions sortArray
INFO: [0]: 0, [1]: 1, [2]: 9, [3]: 10, [4]: 4, [5]: 12, [6]: 20, [7]: 8, [8]: 21, [9]: 15, [10]: 21, [11]: 21, [12]: 25, [13]: 25, [14]: 27, [15]: 28, [16]: 30, [17]: 34, [18]: 34, [19]: 39, [20]: 41, [21]: 44, [22]: 46, [23]: 49, [24]: 50. 
янв. 29, 2023 9:36:48 PM Functions sortArray
INFO: [0]: 0, [1]: 1, [2]: 9, [3]: 10, [4]: 4, [5]: 12, [6]: 20, [7]: 8, [8]: 21, [9]: 15, [10]: 21, [11]: 21, [12]: 25, [13]: 25, [14]: 27, [15]: 28, [16]: 30, [17]: 34, [18]: 34, [19]: 39, [20]: 41, [21]: 44, [22]: 46, [23]: 49, [24]: 50. 
янв. 29, 2023 9:36:48 PM Functions sortArray
INFO: [0]: 0, [1]: 1, [2]: 9, [3]: 4, [4]: 10, [5]: 12, [6]: 20, [7]: 8, [8]: 21, [9]: 15, [10]: 21, [11]: 21, [12]: 25, [13]: 25, [14]: 27, [15]: 28, [16]: 30, [17]: 34, [18]: 34, [19]: 39, [20]: 41, [21]: 44, [22]: 46, [23]: 49, [24]: 50. 
янв. 29, 2023 9:36:48 PM Functions sortArray
INFO: [0]: 0, [1]: 1, [2]: 9, [3]: 4, [4]: 10, [5]: 12, [6]: 20, [7]: 8, [8]: 21, [9]: 15, [10]: 21, [11]: 21, [12]: 25, [13]: 25, [14]: 27, [15]: 28, [16]: 30, [17]: 34, [18]: 34, [19]: 39, [20]: 41, [21]: 44, [22]: 46, [23]: 49, [24]: 50. 
янв. 29, 2023 9:36:48 PM Functions sortArray
INFO: [0]: 0, [1]: 1, [2]: 9, [3]: 4, [4]: 10, [5]: 12, [6]: 20, [7]: 8, [8]: 21, [9]: 15, [10]: 21, [11]: 21, [12]: 25, [13]: 25, [14]: 27, [15]: 28, [16]: 30, [17]: 34, [18]: 34, [19]: 39, [20]: 41, [21]: 44, [22]: 46, [23]: 49, [24]: 50. 
янв. 29, 2023 9:36:48 PM Functions sortArray
INFO: [0]: 0, [1]: 1, [2]: 9, [3]: 4, [4]: 10, [5]: 12, [6]: 8, [7]: 20, [8]: 21, [9]: 15, [10]: 21, [11]: 21, [12]: 25, [13]: 25, [14]: 27, [15]: 28, [16]: 30, [17]: 34, [18]: 34, [19]: 39, [20]: 41, [21]: 44, [22]: 46, [23]: 49, [24]: 50. 
янв. 29, 2023 9:36:48 PM Functions sortArray
INFO: [0]: 0, [1]: 1, [2]: 9, [3]: 4, [4]: 10, [5]: 12, [6]: 8, [7]: 20, [8]: 21, [9]: 15, [10]: 21, [11]: 21, [12]: 25, [13]: 25, [14]: 27, [15]: 28, [16]: 30, [17]: 34, [18]: 34, [19]: 39, [20]: 41, [21]: 44, [22]: 46, [23]: 49, [24]: 50. 
янв. 29, 2023 9:36:48 PM Functions sortArray
INFO: [0]: 0, [1]: 1, [2]: 9, [3]: 4, [4]: 10, [5]: 12, [6]: 8, [7]: 20, [8]: 15, [9]: 21, [10]: 21, [11]: 21, [12]: 25, [13]: 25, [14]: 27, [15]: 28, [16]: 30, [17]: 34, [18]: 34, [19]: 39, [20]: 41, [21]: 44, [22]: 46, [23]: 49, [24]: 50. 
янв. 29, 2023 9:36:48 PM Functions sortArray
INFO: [0]: 0, [1]: 1, [2]: 9, [3]: 4, [4]: 10, [5]: 12, [6]: 8, [7]: 20, [8]: 15, [9]: 21, [10]: 21, [11]: 21, [12]: 25, [13]: 25, [14]: 27, [15]: 28, [16]: 30, [17]: 34, [18]: 34, [19]: 39, [20]: 41, [21]: 44, [22]: 46, [23]: 49, [24]: 50. 
янв. 29, 2023 9:36:48 PM Functions sortArray
INFO: [0]: 0, [1]: 1, [2]: 9, [3]: 4, [4]: 10, [5]: 12, [6]: 8, [7]: 20, [8]: 15, [9]: 21, [10]: 21, [11]: 21, [12]: 25, [13]: 25, [14]: 27, [15]: 28, [16]: 30, [17]: 34, [18]: 34, [19]: 39, [20]: 41, [21]: 44, [22]: 46, [23]: 49, [24]: 50. 
янв. 29, 2023 9:36:48 PM Functions sortArray
INFO: [0]: 0, [1]: 1, [2]: 4, [3]: 9, [4]: 10, [5]: 12, [6]: 8, [7]: 20, [8]: 15, [9]: 21, [10]: 21, [11]: 21, [12]: 25, [13]: 25, [14]: 27, [15]: 28, [16]: 30, [17]: 34, [18]: 34, [19]: 39, [20]: 41, [21]: 44, [22]: 46, [23]: 49, [24]: 50. 
янв. 29, 2023 9:36:48 PM Functions sortArray
INFO: [0]: 0, [1]: 1, [2]: 4, [3]: 9, [4]: 10, [5]: 12, [6]: 8, [7]: 20, [8]: 15, [9]: 21, [10]: 21, [11]: 21, [12]: 25, [13]: 25, [14]: 27, [15]: 28, [16]: 30, [17]: 34, [18]: 34, [19]: 39, [20]: 41, [21]: 44, [22]: 46, [23]: 49, [24]: 50. 
янв. 29, 2023 9:36:48 PM Functions sortArray
INFO: [0]: 0, [1]: 1, [2]: 4, [3]: 9, [4]: 10, [5]: 12, [6]: 8, [7]: 20, [8]: 15, [9]: 21, [10]: 21, [11]: 21, [12]: 25, [13]: 25, [14]: 27, [15]: 28, [16]: 30, [17]: 34, [18]: 34, [19]: 39, [20]: 41, [21]: 44, [22]: 46, [23]: 49, [24]: 50. 
янв. 29, 2023 9:36:48 PM Functions sortArray
INFO: [0]: 0, [1]: 1, [2]: 4, [3]: 9, [4]: 10, [5]: 8, [6]: 12, [7]: 20, [8]: 15, [9]: 21, [10]: 21, [11]: 21, [12]: 25, [13]: 25, [14]: 27, [15]: 28, [16]: 30, [17]: 34, [18]: 34, [19]: 39, [20]: 41, [21]: 44, [22]: 46, [23]: 49, [24]: 50. 
янв. 29, 2023 9:36:48 PM Functions sortArray
INFO: [0]: 0, [1]: 1, [2]: 4, [3]: 9, [4]: 10, [5]: 8, [6]: 12, [7]: 20, [8]: 15, [9]: 21, [10]: 21, [11]: 21, [12]: 25, [13]: 25, [14]: 27, [15]: 28, [16]: 30, [17]: 34, [18]: 34, [19]: 39, [20]: 41, [21]: 44, [22]: 46, [23]: 49, [24]: 50. 
янв. 29, 2023 9:36:48 PM Functions sortArray
INFO: [0]: 0, [1]: 1, [2]: 4, [3]: 9, [4]: 10, [5]: 8, [6]: 12, [7]: 15, [8]: 20, [9]: 21, [10]: 21, [11]: 21, [12]: 25, [13]: 25, [14]: 27, [15]: 28, [16]: 30, [17]: 34, [18]: 34, [19]: 39, [20]: 41, [21]: 44, [22]: 46, [23]: 49, [24]: 50. 
янв. 29, 2023 9:36:48 PM Functions sortArray
INFO: [0]: 0, [1]: 1, [2]: 4, [3]: 9, [4]: 10, [5]: 8, [6]: 12, [7]: 15, [8]: 20, [9]: 21, [10]: 21, [11]: 21, [12]: 25, [13]: 25, [14]: 27, [15]: 28, [16]: 30, [17]: 34, [18]: 34, [19]: 39, [20]: 41, [21]: 44, [22]: 46, [23]: 49, [24]: 50. 
янв. 29, 2023 9:36:48 PM Functions sortArray
INFO: [0]: 0, [1]: 1, [2]: 4, [3]: 9, [4]: 10, [5]: 8, [6]: 12, [7]: 15, [8]: 20, [9]: 21, [10]: 21, [11]: 21, [12]: 25, [13]: 25, [14]: 27, [15]: 28, [16]: 30, [17]: 34, [18]: 34, [19]: 39, [20]: 41, [21]: 44, [22]: 46, [23]: 49, [24]: 50. 
янв. 29, 2023 9:36:48 PM Functions sortArray
INFO: [0]: 0, [1]: 1, [2]: 4, [3]: 9, [4]: 10, [5]: 8, [6]: 12, [7]: 15, [8]: 20, [9]: 21, [10]: 21, [11]: 21, [12]: 25, [13]: 25, [14]: 27, [15]: 28, [16]: 30, [17]: 34, [18]: 34, [19]: 39, [20]: 41, [21]: 44, [22]: 46, [23]: 49, [24]: 50. 
янв. 29, 2023 9:36:48 PM Functions sortArray
INFO: [0]: 0, [1]: 1, [2]: 4, [3]: 9, [4]: 10, [5]: 8, [6]: 12, [7]: 15, [8]: 20, [9]: 21, [10]: 21, [11]: 21, [12]: 25, [13]: 25, [14]: 27, [15]: 28, [16]: 30, [17]: 34, [18]: 34, [19]: 39, [20]: 41, [21]: 44, [22]: 46, [23]: 49, [24]: 50. 
янв. 29, 2023 9:36:48 PM Functions sortArray
INFO: [0]: 0, [1]: 1, [2]: 4, [3]: 9, [4]: 8, [5]: 10, [6]: 12, [7]: 15, [8]: 20, [9]: 21, [10]: 21, [11]: 21, [12]: 25, [13]: 25, [14]: 27, [15]: 28, [16]: 30, [17]: 34, [18]: 34, [19]: 39, [20]: 41, [21]: 44, [22]: 46, [23]: 49, [24]: 50. 
янв. 29, 2023 9:36:48 PM Functions sortArray
INFO: [0]: 0, [1]: 1, [2]: 4, [3]: 9, [4]: 8, [5]: 10, [6]: 12, [7]: 15, [8]: 20, [9]: 21, [10]: 21, [11]: 21, [12]: 25, [13]: 25, [14]: 27, [15]: 28, [16]: 30, [17]: 34, [18]: 34, [19]: 39, [20]: 41, [21]: 44, [22]: 46, [23]: 49, [24]: 50. 
янв. 29, 2023 9:36:48 PM Functions sortArray
INFO: [0]: 0, [1]: 1, [2]: 4, [3]: 9, [4]: 8, [5]: 10, [6]: 12, [7]: 15, [8]: 20, [9]: 21, [10]: 21, [11]: 21, [12]: 25, [13]: 25, [14]: 27, [15]: 28, [16]: 30, [17]: 34, [18]: 34, [19]: 39, [20]: 41, [21]: 44, [22]: 46, [23]: 49, [24]: 50. 
янв. 29, 2023 9:36:48 PM Functions sortArray
INFO: [0]: 0, [1]: 1, [2]: 4, [3]: 9, [4]: 8, [5]: 10, [6]: 12, [7]: 15, [8]: 20, [9]: 21, [10]: 21, [11]: 21, [12]: 25, [13]: 25, [14]: 27, [15]: 28, [16]: 30, [17]: 34, [18]: 34, [19]: 39, [20]: 41, [21]: 44, [22]: 46, [23]: 49, [24]: 50. 
янв. 29, 2023 9:36:48 PM Functions sortArray
INFO: [0]: 0, [1]: 1, [2]: 4, [3]: 9, [4]: 8, [5]: 10, [6]: 12, [7]: 15, [8]: 20, [9]: 21, [10]: 21, [11]: 21, [12]: 25, [13]: 25, [14]: 27, [15]: 28, [16]: 30, [17]: 34, [18]: 34, [19]: 39, [20]: 41, [21]: 44, [22]: 46, [23]: 49, [24]: 50. 
янв. 29, 2023 9:36:48 PM Functions sortArray
INFO: [0]: 0, [1]: 1, [2]: 4, [3]: 9, [4]: 8, [5]: 10, [6]: 12, [7]: 15, [8]: 20, [9]: 21, [10]: 21, [11]: 21, [12]: 25, [13]: 25, [14]: 27, [15]: 28, [16]: 30, [17]: 34, [18]: 34, [19]: 39, [20]: 41, [21]: 44, [22]: 46, [23]: 49, [24]: 50. 
янв. 29, 2023 9:36:48 PM Functions sortArray
INFO: [0]: 0, [1]: 1, [2]: 4, [3]: 8, [4]: 9, [5]: 10, [6]: 12, [7]: 15, [8]: 20, [9]: 21, [10]: 21, [11]: 21, [12]: 25, [13]: 25, [14]: 27, [15]: 28, [16]: 30, [17]: 34, [18]: 34, [19]: 39, [20]: 41, [21]: 44, [22]: 46, [23]: 49, [24]: 50. 
янв. 29, 2023 9:36:48 PM Functions sortArray
INFO: [0]: 0, [1]: 1, [2]: 4, [3]: 8, [4]: 9, [5]: 10, [6]: 12, [7]: 15, [8]: 20, [9]: 21, [10]: 21, [11]: 21, [12]: 25, [13]: 25, [14]: 27, [15]: 28, [16]: 30, [17]: 34, [18]: 34, [19]: 39, [20]: 41, [21]: 44, [22]: 46, [23]: 49, [24]: 50. 
янв. 29, 2023 9:36:48 PM Functions sortArray
INFO: [0]: 0, [1]: 1, [2]: 4, [3]: 8, [4]: 9, [5]: 10, [6]: 12, [7]: 15, [8]: 20, [9]: 21, [10]: 21, [11]: 21, [12]: 25, [13]: 25, [14]: 27, [15]: 28, [16]: 30, [17]: 34, [18]: 34, [19]: 39, [20]: 41, [21]: 44, [22]: 46, [23]: 49, [24]: 50. 
янв. 29, 2023 9:36:48 PM Functions sortArray
INFO: [0]: 0, [1]: 1, [2]: 4, [3]: 8, [4]: 9, [5]: 10, [6]: 12, [7]: 15, [8]: 20, [9]: 21, [10]: 21, [11]: 21, [12]: 25, [13]: 25, [14]: 27, [15]: 28, [16]: 30, [17]: 34, [18]: 34, [19]: 39, [20]: 41, [21]: 44, [22]: 46, [23]: 49, [24]: 50. 
янв. 29, 2023 9:36:48 PM Functions sortArray
INFO: [0]: 0, [1]: 1, [2]: 4, [3]: 8, [4]: 9, [5]: 10, [6]: 12, [7]: 15, [8]: 20, [9]: 21, [10]: 21, [11]: 21, [12]: 25, [13]: 25, [14]: 27, [15]: 28, [16]: 30, [17]: 34, [18]: 34, [19]: 39, [20]: 41, [21]: 44, [22]: 46, [23]: 49, [24]: 50. 
янв. 29, 2023 9:36:48 PM Functions sortArray
INFO: [0]: 0, [1]: 1, [2]: 4, [3]: 8, [4]: 9, [5]: 10, [6]: 12, [7]: 15, [8]: 20, [9]: 21, [10]: 21, [11]: 21, [12]: 25, [13]: 25, [14]: 27, [15]: 28, [16]: 30, [17]: 34, [18]: 34, [19]: 39, [20]: 41, [21]: 44, [22]: 46, [23]: 49, [24]: 50. 
янв. 29, 2023 9:36:48 PM Functions sortArray
INFO: [0]: 0, [1]: 1, [2]: 4, [3]: 8, [4]: 9, [5]: 10, [6]: 12, [7]: 15, [8]: 20, [9]: 21, [10]: 21, [11]: 21, [12]: 25, [13]: 25, [14]: 27, [15]: 28, [16]: 30, [17]: 34, [18]: 34, [19]: 39, [20]: 41, [21]: 44, [22]: 46, [23]: 49, [24]: 50. 
янв. 29, 2023 9:36:48 PM Functions sortArray
INFO: [0]: 0, [1]: 1, [2]: 4, [3]: 8, [4]: 9, [5]: 10, [6]: 12, [7]: 15, [8]: 20, [9]: 21, [10]: 21, [11]: 21, [12]: 25, [13]: 25, [14]: 27, [15]: 28, [16]: 30, [17]: 34, [18]: 34, [19]: 39, [20]: 41, [21]: 44, [22]: 46, [23]: 49, [24]: 50. 
янв. 29, 2023 9:36:48 PM Functions sortArray
INFO: [0]: 0, [1]: 1, [2]: 4, [3]: 8, [4]: 9, [5]: 10, [6]: 12, [7]: 15, [8]: 20, [9]: 21, [10]: 21, [11]: 21, [12]: 25, [13]: 25, [14]: 27, [15]: 28, [16]: 30, [17]: 34, [18]: 34, [19]: 39, [20]: 41, [21]: 44, [22]: 46, [23]: 49, [24]: 50. 
янв. 29, 2023 9:36:48 PM Functions sortArray
INFO: [0]: 0, [1]: 1, [2]: 4, [3]: 8, [4]: 9, [5]: 10, [6]: 12, [7]: 15, [8]: 20, [9]: 21, [10]: 21, [11]: 21, [12]: 25, [13]: 25, [14]: 27, [15]: 28, [16]: 30, [17]: 34, [18]: 34, [19]: 39, [20]: 41, [21]: 44, [22]: 46, [23]: 49, [24]: 50. 
янв. 29, 2023 9:36:48 PM Functions sortArray
INFO: [0]: 0, [1]: 1, [2]: 4, [3]: 8, [4]: 9, [5]: 10, [6]: 12, [7]: 15, [8]: 20, [9]: 21, [10]: 21, [11]: 21, [12]: 25, [13]: 25, [14]: 27, [15]: 28, [16]: 30, [17]: 34, [18]: 34, [19]: 39, [20]: 41, [21]: 44, [22]: 46, [23]: 49, [24]: 50. 
янв. 29, 2023 9:36:48 PM Functions sortArray
INFO: [0]: 0, [1]: 1, [2]: 4, [3]: 8, [4]: 9, [5]: 10, [6]: 12, [7]: 15, [8]: 20, [9]: 21, [10]: 21, [11]: 21, [12]: 25, [13]: 25, [14]: 27, [15]: 28, [16]: 30, [17]: 34, [18]: 34, [19]: 39, [20]: 41, [21]: 44, [22]: 46, [23]: 49, [24]: 50. 
янв. 29, 2023 9:36:48 PM Functions sortArray
INFO: [0]: 0, [1]: 1, [2]: 4, [3]: 8, [4]: 9, [5]: 10, [6]: 12, [7]: 15, [8]: 20, [9]: 21, [10]: 21, [11]: 21, [12]: 25, [13]: 25, [14]: 27, [15]: 28, [16]: 30, [17]: 34, [18]: 34, [19]: 39, [20]: 41, [21]: 44, [22]: 46, [23]: 49, [24]: 50. 
янв. 29, 2023 9:36:48 PM Functions sortArray
INFO: [0]: 0, [1]: 1, [2]: 4, [3]: 8, [4]: 9, [5]: 10, [6]: 12, [7]: 15, [8]: 20, [9]: 21, [10]: 21, [11]: 21, [12]: 25, [13]: 25, [14]: 27, [15]: 28, [16]: 30, [17]: 34, [18]: 34, [19]: 39, [20]: 41, [21]: 44, [22]: 46, [23]: 49, [24]: 50. 
янв. 29, 2023 9:36:48 PM Functions sortArray
INFO: [0]: 0, [1]: 1, [2]: 4, [3]: 8, [4]: 9, [5]: 10, [6]: 12, [7]: 15, [8]: 20, [9]: 21, [10]: 21, [11]: 21, [12]: 25, [13]: 25, [14]: 27, [15]: 28, [16]: 30, [17]: 34, [18]: 34, [19]: 39, [20]: 41, [21]: 44, [22]: 46, [23]: 49, [24]: 50. 
янв. 29, 2023 9:36:48 PM Functions sortArray
INFO: [0]: 0, [1]: 1, [2]: 4, [3]: 8, [4]: 9, [5]: 10, [6]: 12, [7]: 15, [8]: 20, [9]: 21, [10]: 21, [11]: 21, [12]: 25, [13]: 25, [14]: 27, [15]: 28, [16]: 30, [17]: 34, [18]: 34, [19]: 39, [20]: 41, [21]: 44, [22]: 46, [23]: 49, [24]: 50. 
янв. 29, 2023 9:36:48 PM Functions sortArray
INFO: [0]: 0, [1]: 1, [2]: 4, [3]: 8, [4]: 9, [5]: 10, [6]: 12, [7]: 15, [8]: 20, [9]: 21, [10]: 21, [11]: 21, [12]: 25, [13]: 25, [14]: 27, [15]: 28, [16]: 30, [17]: 34, [18]: 34, [19]: 39, [20]: 41, [21]: 44, [22]: 46, [23]: 49, [24]: 50. 
